Removed Member From Class: ClassName=ANALOG Member=OUT1_P
Removed Member From Class: ClassName=ANALOG Member=OUT2_P
Removed Member From Class: ClassName=ANALOG Member=OUT3_P
Removed Member From Class: ClassName=ANALOG Member=OUT4_P
Added Component: Designator=C1(C_0603)
Add component (AddParameter): Name = "Value"; Value = "value"; VariantName = "[No Variations]"
Added Component: Designator=C2_1(C_0603)
Add component (AddParameter): Name = "Value"; Value = "value"; VariantName = "[No Variations]"
Added Component: Designator=C3_1(C_0603)
Add component (AddParameter): Name = "Value"; Value = "value"; VariantName = "[No Variations]"
Added Component: Designator=C4(C_0603)
Add component (AddParameter): Name = "Value"; Value = "value"; VariantName = "[No Variations]"
Added Component: Designator=C5(C_0603)
Add component (AddParameter): Name = "Value"; Value = "value"; VariantName = "[No Variations]"
Added Component: Designator=C6(C_0603)
Add component (AddParameter): Name = "Value"; Value = "value"; VariantName = "[No Variations]"
Added Component: Designator=C7(C_0603)
Add component (AddParameter): Name = "Value"; Value = "value"; VariantName = "[No Variations]"
Added Component: Designator=C8(C_0603)
Add component (AddParameter): Name = "Value"; Value = "value"; VariantName = "[No Variations]"
Added Component: Designator=C9(C_0603)
Add component (AddParameter): Name = "Value"; Value = "value"; VariantName = "[No Variations]"
Added Component: Designator=C10(C_0603)
Add component (AddParameter): Name = "Value"; Value = "value"; VariantName = "[No Variations]"
Added Component: Designator=C11(C_0603)
Add component (AddParameter): Name = "Value"; Value = "value"; VariantName = "[No Variations]"
Added Component: Designator=C12(C_0603)
Add component (AddParameter): Name = "Value"; Value = "value"; VariantName = "[No Variations]"
Added Component: Designator=C13(C_0603)
Add component (AddParameter): Name = "Value"; Value = "value"; VariantName = "[No Variations]"
Added Component: Designator=C14(C_0603)
Add component (AddParameter): Name = "Value"; Value = "2u2"; VariantName = "[No Variations]"
Added Component: Designator=C15(C_0603)
Add component (AddParameter): Name = "Value"; Value = "1u, 16V"; VariantName = "[No Variations]"
Added Component: Designator=C16(Tantalum Case A)
Add component (AddParameter): Name = "Value"; Value = "10u"; VariantName = "[No Variations]"
Added Component: Designator=C17(C_0603)
Add component (AddParameter): Name = "Value"; Value = "100n"; VariantName = "[No Variations]"
Added Component: Designator=C18(Tantalum Case A)
Add component (AddParameter): Name = "Value"; Value = "10u"; VariantName = "[No Variations]"
Added Component: Designator=C19(C_0603)
Add component (AddParameter): Name = "Value"; Value = "1u"; VariantName = "[No Variations]"
Added Component: Designator=C20(C_0603)
Add component (AddParameter): Name = "Value"; Value = "1u, 16V"; VariantName = "[No Variations]"
Added Component: Designator=C21(Tantalum Case A)
Add component (AddParameter): Name = "Value"; Value = "value"; VariantName = "[No Variations]"
Added Component: Designator=C22(Tantalum Case A)
Add component (AddParameter): Name = "Value"; Value = "10u"; VariantName = "[No Variations]"
Added Component: Designator=C23(C_0603)
Add component (AddParameter): Name = "Value"; Value = "1u, 16V"; VariantName = "[No Variations]"
Added Component: Designator=C24(Tantalum Case A)
Add component (AddParameter): Name = "Value"; Value = "2.2u"; VariantName = "[No Variations]"
Added Component: Designator=C25(C_0603)
Add component (AddParameter): Name = "Value"; Value = "1u, 6.3V"; VariantName = "[No Variations]"
Added Component: Designator=C26(C_0603)
Add component (AddParameter): Name = "Value"; Value = "2u2"; VariantName = "[No Variations]"
Added Component: Designator=C27(Tantalum Case A)
Add component (AddParameter): Name = "Value"; Value = "10u"; VariantName = "[No Variations]"
Added Component: Designator=C28(C_0603)
Add component (AddParameter): Name = "Value"; Value = "1u"; VariantName = "[No Variations]"
Added Component: Designator=C29(C_0603)
Add component (AddParameter): Name = "Value"; Value = "47n"; VariantName = "[No Variations]"
Added Component: Designator=C30(C_0603)
Add component (AddParameter): Name = "Value"; Value = "15p"; VariantName = "[No Variations]"
Added Component: Designator=C31(C_0603)
Add component (AddParameter): Name = "Value"; Value = "15n"; VariantName = "[No Variations]"
Added Component: Designator=C32(C_0603)
Add component (AddParameter): Name = "Value"; Value = "2u2"; VariantName = "[No Variations]"
Added Component: Designator=C33(Tantalum Case A)
Add component (AddParameter): Name = "Value"; Value = "10u"; VariantName = "[No Variations]"
Added Component: Designator=C34(C_0603)
Add component (AddParameter): Name = "Value"; Value = "100n"; VariantName = "[No Variations]"
Added Component: Designator=C35(C_0603)
Add component (AddParameter): Name = "Value"; Value = "value"; VariantName = "[No Variations]"
Added Component: Designator=C36(C_0603)
Add component (AddParameter): Name = "Value"; Value = "value"; VariantName = "[No Variations]"
Added Component: Designator=C37(C_0603)
Add component (AddParameter): Name = "Value"; Value = "value"; VariantName = "[No Variations]"
Added Component: Designator=C38(C_0603)
Add component (AddParameter): Name = "Value"; Value = "value"; VariantName = "[No Variations]"
Added Component: Designator=C39(Tantalum Case A)
Add component (AddParameter): Name = "Value"; Value = "4u7"; VariantName = "[No Variations]"
Added Component: Designator=C40(C_0603)
Add component (AddParameter): Name = "Value"; Value = "1u"; VariantName = "[No Variations]"
Added Component: Designator=C41(C_0603)
Add component (AddParameter): Name = "Value"; Value = "1u"; VariantName = "[No Variations]"
Added Component: Designator=C42(C_0603)
Add component (AddParameter): Name = "Value"; Value = "value"; VariantName = "[No Variations]"
Added Component: Designator=C43(C_0603)
Add component (AddParameter): Name = "Value"; Value = "value"; VariantName = "[No Variations]"
Added Component: Designator=C44(C_0603)
Add component (AddParameter): Name = "Value"; Value = "value"; VariantName = "[No Variations]"
Added Component: Designator=C45(C_0603)
Add component (AddParameter): Name = "Value"; Value = "value"; VariantName = "[No Variations]"
Added Component: Designator=C46(C_0603)
Add component (AddParameter): Name = "Value"; Value = "value"; VariantName = "[No Variations]"
Added Component: Designator=C47(C_0603)
Add component (AddParameter): Name = "Value"; Value = "value"; VariantName = "[No Variations]"
Added Component: Designator=C48(C_0603)
Add component (AddParameter): Name = "Value"; Value = "value"; VariantName = "[No Variations]"
Added Component: Designator=C49(C_0603)
Add component (AddParameter): Name = "Value"; Value = "value"; VariantName = "[No Variations]"
Added Component: Designator=C50(C_0603)
Add component (AddParameter): Name = "Value"; Value = "value"; VariantName = "[No Variations]"
Added Component: Designator=C51(C_0603)
Add component (AddParameter): Name = "Value"; Value = "value"; VariantName = "[No Variations]"
Added Component: Designator=C52(C_0603)
Add component (AddParameter): Name = "Value"; Value = "value"; VariantName = "[No Variations]"
Added Component: Designator=C53(C_0603)
Add component (AddParameter): Name = "Value"; Value = "value"; VariantName = "[No Variations]"
Added Component: Designator=C54(C_0603)
Add component (AddParameter): Name = "Value"; Value = "value"; VariantName = "[No Variations]"
Added Component: Designator=C55(C_0603)
Add component (AddParameter): Name = "Value"; Value = "value"; VariantName = "[No Variations]"
Added Component: Designator=C56(C_0603)
Add component (AddParameter): Name = "Value"; Value = "value"; VariantName = "[No Variations]"
Added Component: Designator=C57(C_0603)
Add component (AddParameter): Name = "Value"; Value = "value"; VariantName = "[No Variations]"
Added Component: Designator=D1(SOD323)
Add component (AddParameter): Name = "Case"; Value = "SOD323"; VariantName = "[No Variations]"
Add component (AddParameter): Name = "Category"; Value = "diodes"; VariantName = "[No Variations]"
Add component (AddParameter): Name = "Dealer"; Value = "Farnell"; VariantName = "[No Variations]"
Add component (AddParameter): Name = "Dealer number"; Value = "8737940"; VariantName = "[No Variations]"
Add component (AddParameter): Name = "HelpURL"; Value = "https://www.farnell.com/datasheets/667013.pdf"; VariantName = "[No Variations]"
Add component (AddParameter): Name = "Manufacturer"; Value = "Infineon"; VariantName = "[No Variations]"
Add component (AddParameter): Name = "Manufacturer Number"; Value = "PMEG2020AEA"; VariantName = "[No Variations]"
Add component (AddParameter): Name = "Max  Reverse Voltage"; Value = "20V"; VariantName = "[No Variations]"
Add component (AddParameter): Name = "Max current"; Value = "2A"; VariantName = "[No Variations]"
Add component (AddParameter): Name = "Price"; Value = "0.126"; VariantName = "[No Variations]"
Add component (AddParameter): Name = "Technology"; Value = "SMT"; VariantName = "[No Variations]"
Added Component: Designator=D2(SOD323)
Add component (AddParameter): Name = "Case"; Value = "SOD323"; VariantName = "[No Variations]"
Add component (AddParameter): Name = "Category"; Value = "diodes"; VariantName = "[No Variations]"
Add component (AddParameter): Name = "Dealer"; Value = "Farnell"; VariantName = "[No Variations]"
Add component (AddParameter): Name = "Dealer number"; Value = "8737940"; VariantName = "[No Variations]"
Add component (AddParameter): Name = "HelpURL"; Value = "https://www.farnell.com/datasheets/667013.pdf"; VariantName = "[No Variations]"
Add component (AddParameter): Name = "Manufacturer"; Value = "Infineon"; VariantName = "[No Variations]"
Add component (AddParameter): Name = "Manufacturer Number"; Value = "PMEG2020AEA"; VariantName = "[No Variations]"
Add component (AddParameter): Name = "Max  Reverse Voltage"; Value = "20V"; VariantName = "[No Variations]"
Add component (AddParameter): Name = "Max current"; Value = "2A"; VariantName = "[No Variations]"
Add component (AddParameter): Name = "Price"; Value = "0.126"; VariantName = "[No Variations]"
Add component (AddParameter): Name = "Technology"; Value = "SMT"; VariantName = "[No Variations]"
Added Component: Designator=D3(LED_0603)
Added Component: Designator=E1(PEC11L-4220F-S0015)
Add component (AddParameter): Name = "Category"; Value = "Rotary encoders"; VariantName = "[No Variations]"
Add component (AddParameter): Name = "Dealer"; Value = "Mouser"; VariantName = "[No Variations]"
Add component (AddParameter): Name = "Dealer number"; Value = "652-PEC11L4220FS0015"; VariantName = "[No Variations]"
Add component (AddParameter): Name = "HelpURL"; Value = "https://www.farnell.com/datasheets/2259386.pdf"; VariantName = "[No Variations]"
Add component (AddParameter): Name = "Manufacturer"; Value = "BOURNS"; VariantName = "[No Variations]"
Add component (AddParameter): Name = "Manufacturer Number"; Value = "PEC11L-4220F-S0015"; VariantName = "[No Variations]"
Add component (AddParameter): Name = "Price"; Value = "1.51"; VariantName = "[No Variations]"
Add component (AddParameter): Name = "Technology"; Value = "SMT"; VariantName = "[No Variations]"
Added Component: Designator=F1(PPTCF 1206)
Add component (AddParameter): Name = "Category"; Value = "Fuses"; VariantName = "[No Variations]"
Add component (AddParameter): Name = "Dealer"; Value = "Farnell"; VariantName = "[No Variations]"
Add component (AddParameter): Name = "Dealer number"; Value = "1596990"; VariantName = "[No Variations]"
Add component (AddParameter): Name = "HelpURL"; Value = "https://www.farnell.com/datasheets/683946.pdf"; VariantName = "[No Variations]"
Add component (AddParameter): Name = "Holing current"; Value = "250mA"; VariantName = "[No Variations]"
Add component (AddParameter): Name = "Manufacturer"; Value = "Littelfuse"; VariantName = "[No Variations]"
Add component (AddParameter): Name = "Manufacturer Number"; Value = "2920L030DR"; VariantName = "[No Variations]"
Add component (AddParameter): Name = "Max voltage"; Value = "16V"; VariantName = "[No Variations]"
Add component (AddParameter): Name = "Price"; Value = "0.46"; VariantName = "[No Variations]"
Add component (AddParameter): Name = "Resistance"; Value = "2.3?"; VariantName = "[No Variations]"
Add component (AddParameter): Name = "Technology"; Value = "SMT"; VariantName = "[No Variations]"
Add component (AddParameter): Name = "Trip current"; Value = "500mA"; VariantName = "[No Variations]"
Add component (AddParameter): Name = "Type"; Value = "Poly fuse"; VariantName = "[No Variations]"
Added Component: Designator=FB1(SMD_0805)
Add component (AddParameter): Name = "AC resistance"; Value = "120?"; VariantName = "[No Variations]"
Add component (AddParameter): Name = "Case"; Value = "0805"; VariantName = "[No Variations]"
Add component (AddParameter): Name = "Category"; Value = "ferite beads"; VariantName = "[No Variations]"
Add component (AddParameter): Name = "DC resistance"; Value = "0.15?"; VariantName = "[No Variations]"
Add component (AddParameter): Name = "Dealer"; Value = "Farnell"; VariantName = "[No Variations]"
Add component (AddParameter): Name = "Dealer number"; Value = "1515617"; VariantName = "[No Variations]"
Add component (AddParameter): Name = "Frequency"; Value = "100MHz"; VariantName = "[No Variations]"
Add component (AddParameter): Name = "HelpURL"; Value = "https://www.farnell.com/datasheets/1914683.pdf"; VariantName = "[No Variations]"
Add component (AddParameter): Name = "Manufacturer"; Value = "Murata"; VariantName = "[No Variations]"
Add component (AddParameter): Name = "Manufacturer Number"; Value = "BLM21AG121SN1D"; VariantName = "[No Variations]"
Add component (AddParameter): Name = "Max current"; Value = "0.2A"; VariantName = "[No Variations]"
Add component (AddParameter): Name = "Price"; Value = "0.082"; VariantName = "[No Variations]"
Add component (AddParameter): Name = "Technology"; Value = "SMT"; VariantName = "[No Variations]"
Added Component: Designator=FB2(SMD_0805)
Add component (AddParameter): Name = "AC resistance"; Value = "120?"; VariantName = "[No Variations]"
Add component (AddParameter): Name = "Case"; Value = "0805"; VariantName = "[No Variations]"
Add component (AddParameter): Name = "Category"; Value = "ferite beads"; VariantName = "[No Variations]"
Add component (AddParameter): Name = "DC resistance"; Value = "0.15?"; VariantName = "[No Variations]"
Add component (AddParameter): Name = "Dealer"; Value = "Farnell"; VariantName = "[No Variations]"
Add component (AddParameter): Name = "Dealer number"; Value = "1515617"; VariantName = "[No Variations]"
Add component (AddParameter): Name = "Frequency"; Value = "100MHz"; VariantName = "[No Variations]"
Add component (AddParameter): Name = "HelpURL"; Value = "https://www.farnell.com/datasheets/1914683.pdf"; VariantName = "[No Variations]"
Add component (AddParameter): Name = "Manufacturer"; Value = "Murata"; VariantName = "[No Variations]"
Add component (AddParameter): Name = "Manufacturer Number"; Value = "BLM21AG121SN1D"; VariantName = "[No Variations]"
Add component (AddParameter): Name = "Max current"; Value = "0.2A"; VariantName = "[No Variations]"
Add component (AddParameter): Name = "Price"; Value = "0.082"; VariantName = "[No Variations]"
Add component (AddParameter): Name = "Technology"; Value = "SMT"; VariantName = "[No Variations]"
Added Component: Designator=FB3(SMD_0805)
Add component (AddParameter): Name = "AC resistance"; Value = "120?"; VariantName = "[No Variations]"
Add component (AddParameter): Name = "Case"; Value = "0805"; VariantName = "[No Variations]"
Add component (AddParameter): Name = "Category"; Value = "ferite beads"; VariantName = "[No Variations]"
Add component (AddParameter): Name = "DC resistance"; Value = "0.15?"; VariantName = "[No Variations]"
Add component (AddParameter): Name = "Dealer"; Value = "Farnell"; VariantName = "[No Variations]"
Add component (AddParameter): Name = "Dealer number"; Value = "1515617"; VariantName = "[No Variations]"
Add component (AddParameter): Name = "Frequency"; Value = "100MHz"; VariantName = "[No Variations]"
Add component (AddParameter): Name = "HelpURL"; Value = "https://www.farnell.com/datasheets/1914683.pdf"; VariantName = "[No Variations]"
Add component (AddParameter): Name = "Manufacturer"; Value = "Murata"; VariantName = "[No Variations]"
Add component (AddParameter): Name = "Manufacturer Number"; Value = "BLM21AG121SN1D"; VariantName = "[No Variations]"
Add component (AddParameter): Name = "Max current"; Value = "0.2A"; VariantName = "[No Variations]"
Add component (AddParameter): Name = "Price"; Value = "0.082"; VariantName = "[No Variations]"
Add component (AddParameter): Name = "Technology"; Value = "SMT"; VariantName = "[No Variations]"
Added Component: Designator=FB4(SMD_0805)
Add component (AddParameter): Name = "AC resistance"; Value = "120?"; VariantName = "[No Variations]"
Add component (AddParameter): Name = "Case"; Value = "0805"; VariantName = "[No Variations]"
Add component (AddParameter): Name = "Category"; Value = "ferite beads"; VariantName = "[No Variations]"
Add component (AddParameter): Name = "DC resistance"; Value = "0.15?"; VariantName = "[No Variations]"
Add component (AddParameter): Name = "Dealer"; Value = "Farnell"; VariantName = "[No Variations]"
Add component (AddParameter): Name = "Dealer number"; Value = "1515617"; VariantName = "[No Variations]"
Add component (AddParameter): Name = "Frequency"; Value = "100MHz"; VariantName = "[No Variations]"
Add component (AddParameter): Name = "HelpURL"; Value = "https://www.farnell.com/datasheets/1914683.pdf"; VariantName = "[No Variations]"
Add component (AddParameter): Name = "Manufacturer"; Value = "Murata"; VariantName = "[No Variations]"
Add component (AddParameter): Name = "Manufacturer Number"; Value = "BLM21AG121SN1D"; VariantName = "[No Variations]"
Add component (AddParameter): Name = "Max current"; Value = "0.2A"; VariantName = "[No Variations]"
Add component (AddParameter): Name = "Price"; Value = "0.082"; VariantName = "[No Variations]"
Add component (AddParameter): Name = "Technology"; Value = "SMT"; VariantName = "[No Variations]"
Added Component: Designator=FB5(SMD_0805)
Add component (AddParameter): Name = "AC resistance"; Value = "120?"; VariantName = "[No Variations]"
Add component (AddParameter): Name = "Case"; Value = "0805"; VariantName = "[No Variations]"
Add component (AddParameter): Name = "Category"; Value = "ferite beads"; VariantName = "[No Variations]"
Add component (AddParameter): Name = "DC resistance"; Value = "0.15?"; VariantName = "[No Variations]"
Add component (AddParameter): Name = "Dealer"; Value = "Farnell"; VariantName = "[No Variations]"
Add component (AddParameter): Name = "Dealer number"; Value = "1515617"; VariantName = "[No Variations]"
Add component (AddParameter): Name = "Frequency"; Value = "100MHz"; VariantName = "[No Variations]"
Add component (AddParameter): Name = "HelpURL"; Value = "https://www.farnell.com/datasheets/1914683.pdf"; VariantName = "[No Variations]"
Add component (AddParameter): Name = "Manufacturer"; Value = "Murata"; VariantName = "[No Variations]"
Add component (AddParameter): Name = "Manufacturer Number"; Value = "BLM21AG121SN1D"; VariantName = "[No Variations]"
Add component (AddParameter): Name = "Max current"; Value = "0.2A"; VariantName = "[No Variations]"
Add component (AddParameter): Name = "Price"; Value = "0.082"; VariantName = "[No Variations]"
Add component (AddParameter): Name = "Technology"; Value = "SMT"; VariantName = "[No Variations]"
Added Component: Designator=FB6(SMD_0805)
Add component (AddParameter): Name = "AC resistance"; Value = "120?"; VariantName = "[No Variations]"
Add component (AddParameter): Name = "Case"; Value = "0805"; VariantName = "[No Variations]"
Add component (AddParameter): Name = "Category"; Value = "ferite beads"; VariantName = "[No Variations]"
Add component (AddParameter): Name = "DC resistance"; Value = "0.15?"; VariantName = "[No Variations]"
Add component (AddParameter): Name = "Dealer"; Value = "Farnell"; VariantName = "[No Variations]"
Add component (AddParameter): Name = "Dealer number"; Value = "1515617"; VariantName = "[No Variations]"
Add component (AddParameter): Name = "Frequency"; Value = "100MHz"; VariantName = "[No Variations]"
Add component (AddParameter): Name = "HelpURL"; Value = "https://www.farnell.com/datasheets/1914683.pdf"; VariantName = "[No Variations]"
Add component (AddParameter): Name = "Manufacturer"; Value = "Murata"; VariantName = "[No Variations]"
Add component (AddParameter): Name = "Manufacturer Number"; Value = "BLM21AG121SN1D"; VariantName = "[No Variations]"
Add component (AddParameter): Name = "Max current"; Value = "0.2A"; VariantName = "[No Variations]"
Add component (AddParameter): Name = "Price"; Value = "0.082"; VariantName = "[No Variations]"
Add component (AddParameter): Name = "Technology"; Value = "SMT"; VariantName = "[No Variations]"
Added Component: Designator=FB7(SMD_0805)
Add component (AddParameter): Name = "AC resistance"; Value = "120?"; VariantName = "[No Variations]"
Add component (AddParameter): Name = "Case"; Value = "0805"; VariantName = "[No Variations]"
Add component (AddParameter): Name = "Category"; Value = "ferite beads"; VariantName = "[No Variations]"
Add component (AddParameter): Name = "DC resistance"; Value = "0.15?"; VariantName = "[No Variations]"
Add component (AddParameter): Name = "Dealer"; Value = "Farnell"; VariantName = "[No Variations]"
Add component (AddParameter): Name = "Dealer number"; Value = "1515617"; VariantName = "[No Variations]"
Add component (AddParameter): Name = "Frequency"; Value = "100MHz"; VariantName = "[No Variations]"
Add component (AddParameter): Name = "HelpURL"; Value = "https://www.farnell.com/datasheets/1914683.pdf"; VariantName = "[No Variations]"
Add component (AddParameter): Name = "Manufacturer"; Value = "Murata"; VariantName = "[No Variations]"
Add component (AddParameter): Name = "Manufacturer Number"; Value = "BLM21AG121SN1D"; VariantName = "[No Variations]"
Add component (AddParameter): Name = "Max current"; Value = "0.2A"; VariantName = "[No Variations]"
Add component (AddParameter): Name = "Price"; Value = "0.082"; VariantName = "[No Variations]"
Add component (AddParameter): Name = "Technology"; Value = "SMT"; VariantName = "[No Variations]"
Added Component: Designator=FD1(FID1)
Add component (AddParameter): Name = "Category"; Value = "Fiducials"; VariantName = "[No Variations]"
Added Component: Designator=FD2(FID1)
Add component (AddParameter): Name = "Category"; Value = "Fiducials"; VariantName = "[No Variations]"
Added Component: Designator=FD3(FID1)
Add component (AddParameter): Name = "Category"; Value = "Fiducials"; VariantName = "[No Variations]"
Added Component: Designator=J1(IDC34R)
Add component (AddParameter): Name = "Category"; Value = "Connectors"; VariantName = "[No Variations]"
Add component (AddParameter): Name = "Dealer"; Value = "Farnell"; VariantName = "[No Variations]"
Add component (AddParameter): Name = "Dealer number"; Value = "1106736"; VariantName = "[No Variations]"
Add component (AddParameter): Name = "HelpURL"; Value = "https://www.farnell.com/datasheets/2012759.pdf"; VariantName = "[No Variations]"
Add component (AddParameter): Name = "Lenght"; Value = "2.9mm"; VariantName = "[No Variations]"
Add component (AddParameter): Name = "Manufacturer"; Value = "Harting"; VariantName = "[No Variations]"
Add component (AddParameter): Name = "Manufacturer Number"; Value = "09 18 534 7323"; VariantName = "[No Variations]"
Add component (AddParameter): Name = "Orientation"; Value = "right angle"; VariantName = "[No Variations]"
Add component (AddParameter): Name = "Pins"; Value = "34"; VariantName = "[No Variations]"
Add component (AddParameter): Name = "Pitch"; Value = "2.54mm"; VariantName = "[No Variations]"
Add component (AddParameter): Name = "Price"; Value = "2.26"; VariantName = "[No Variations]"
Add component (AddParameter): Name = "Strain Reliefe"; Value = "no"; VariantName = "[No Variations]"
Add component (AddParameter): Name = "Technology"; Value = "THT"; VariantName = "[No Variations]"
Added Component: Designator=J2(MICRO_USB_A)
Add component (AddParameter): Name = "Category"; Value = "Connectors"; VariantName = "[No Variations]"
Add component (AddParameter): Name = "Dealer"; Value = "Farnell"; VariantName = "[No Variations]"
Add component (AddParameter): Name = "Dealer number"; Value = "2293755"; VariantName = "[No Variations]"
Add component (AddParameter): Name = "Gender"; Value = "Receptacle"; VariantName = "[No Variations]"
Add component (AddParameter): Name = "HelpURL"; Value = "https://www.farnell.com/cad/2354255.pdf"; VariantName = "[No Variations]"
Add component (AddParameter): Name = "Manufacturer"; Value = "FCI"; VariantName = "[No Variations]"
Add component (AddParameter): Name = "Manufacturer Number"; Value = "10104111-0001LF"; VariantName = "[No Variations]"
Add component (AddParameter): Name = "Price"; Value = "0.37"; VariantName = "[No Variations]"
Add component (AddParameter): Name = "Size"; Value = "micro"; VariantName = "[No Variations]"
Add component (AddParameter): Name = "Technology"; Value = "SMT
SMT"; VariantName = "[No Variations]"
Add component (AddParameter): Name = "Type"; Value = "A"; VariantName = "[No Variations]"
Added Component: Designator=J3(HEADER_2X05_1.27mm)
Add component (AddParameter): Name = "Category"; Value = "Connectors"; VariantName = "[No Variations]"
Add component (AddParameter): Name = "Dealer"; Value = "Farnell"; VariantName = "[No Variations]"
Add component (AddParameter): Name = "Dealer number"; Value = "1022310"; VariantName = "[No Variations]"
Add component (AddParameter): Name = "Gender"; Value = "Male"; VariantName = "[No Variations]"
Add component (AddParameter): Name = "HelpURL"; Value = "https://cdn.harwin.com/pdfs/M50-360.pdf"; VariantName = "[No Variations]"
Add component (AddParameter): Name = "Manufacturer"; Value = "Harwin"; VariantName = "[No Variations]"
Add component (AddParameter): Name = "Manufacturer Number"; Value = "M50-3600542"; VariantName = "[No Variations]"
Add component (AddParameter): Name = "Orientation"; Value = "strait"; VariantName = "[No Variations]"
Add component (AddParameter): Name = "Pins"; Value = "5"; VariantName = "[No Variations]"
Add component (AddParameter): Name = "Pitch"; Value = "1.27mm"; VariantName = "[No Variations]"
Add component (AddParameter): Name = "Price"; Value = "0.90"; VariantName = "[No Variations]"
Add component (AddParameter): Name = "Rows"; Value = "2"; VariantName = "[No Variations]"
Add component (AddParameter): Name = "Technology"; Value = "SMD"; VariantName = "[No Variations]"
Added Component: Designator=L1(LPD3015)
Add component (AddParameter): Name = "Case"; Value = "LPD3015"; VariantName = "[No Variations]"
Add component (AddParameter): Name = "Category"; Value = "Inductors"; VariantName = "[No Variations]"
Add component (AddParameter): Name = "Current RMS"; Value = "460mA"; VariantName = "[No Variations]"
Add component (AddParameter): Name = "Current Satturation"; Value = "500mA"; VariantName = "[No Variations]"
Add component (AddParameter): Name = "Dealer"; Value = "Farnell"; VariantName = "[No Variations]"
Add component (AddParameter): Name = "Dealer number"; Value = "2407927"; VariantName = "[No Variations]"
Add component (AddParameter): Name = "HelpURL"; Value = "https://www.farnell.com/datasheets/1805317.pdf"; VariantName = "[No Variations]"
Add component (AddParameter): Name = "Manufacturer"; Value = "Coilcraft"; VariantName = "[No Variations]"
Add component (AddParameter): Name = "Manufacturer Number"; Value = "LPD3015-153MRB"; VariantName = "[No Variations]"
Add component (AddParameter): Name = "Note"; Value = "common core"; VariantName = "[No Variations]"
Add component (AddParameter): Name = "Price"; Value = "0.82"; VariantName = "[No Variations]"
Add component (AddParameter): Name = "Resistance"; Value = "1.42?"; VariantName = "[No Variations]"
Add component (AddParameter): Name = "Technology"; Value = "SMT"; VariantName = "[No Variations]"
Add component (AddParameter): Name = "Tolerance"; Value = "20%"; VariantName = "[No Variations]"
Add component (AddParameter): Name = "Value"; Value = "15µH"; VariantName = "[No Variations]"
Added Component: Designator=L2(LPD3015)
Add component (AddParameter): Name = "Case"; Value = "LPD3015"; VariantName = "[No Variations]"
Add component (AddParameter): Name = "Category"; Value = "Inductors"; VariantName = "[No Variations]"
Add component (AddParameter): Name = "Current RMS"; Value = "460mA"; VariantName = "[No Variations]"
Add component (AddParameter): Name = "Current Satturation"; Value = "500mA"; VariantName = "[No Variations]"
Add component (AddParameter): Name = "Dealer"; Value = "Farnell"; VariantName = "[No Variations]"
Add component (AddParameter): Name = "Dealer number"; Value = "2407927"; VariantName = "[No Variations]"
Add component (AddParameter): Name = "HelpURL"; Value = "https://www.farnell.com/datasheets/1805317.pdf"; VariantName = "[No Variations]"
Add component (AddParameter): Name = "Manufacturer"; Value = "Coilcraft"; VariantName = "[No Variations]"
Add component (AddParameter): Name = "Manufacturer Number"; Value = "LPD3015-153MRB"; VariantName = "[No Variations]"
Add component (AddParameter): Name = "Note"; Value = "common core"; VariantName = "[No Variations]"
Add component (AddParameter): Name = "Price"; Value = "0.82"; VariantName = "[No Variations]"
Add component (AddParameter): Name = "Resistance"; Value = "1.42?"; VariantName = "[No Variations]"
Add component (AddParameter): Name = "Technology"; Value = "SMT"; VariantName = "[No Variations]"
Add component (AddParameter): Name = "Tolerance"; Value = "20%"; VariantName = "[No Variations]"
Add component (AddParameter): Name = "Value"; Value = "15µH"; VariantName = "[No Variations]"
Added Component: Designator=L3(IND_SMD_4X4mm)
Add component (AddParameter): Name = "Case"; Value = "4mm X 4mm"; VariantName = "[No Variations]"
Add component (AddParameter): Name = "Category"; Value = "Inductors"; VariantName = "[No Variations]"
Add component (AddParameter): Name = "Current RMS"; Value = "770mA"; VariantName = "[No Variations]"
Add component (AddParameter): Name = "Current Satturation"; Value = "800mA"; VariantName = "[No Variations]"
Add component (AddParameter): Name = "Dealer"; Value = "Farnell"; VariantName = "[No Variations]"
Add component (AddParameter): Name = "Dealer number"; Value = "2292514"; VariantName = "[No Variations]"
Add component (AddParameter): Name = "HelpURL"; Value = "https://www.farnell.com/datasheets/1685921.pdf"; VariantName = "[No Variations]"
Add component (AddParameter): Name = "Manufacturer"; Value = "Laird Technologies"; VariantName = "[No Variations]"
Add component (AddParameter): Name = "Manufacturer Number"; Value = "TYS4012100M-10"; VariantName = "[No Variations]"
Add component (AddParameter): Name = "Price"; Value = "0.26"; VariantName = "[No Variations]"
Add component (AddParameter): Name = "Resistance"; Value = "0.265?"; VariantName = "[No Variations]"
Add component (AddParameter): Name = "Technology"; Value = "SMT"; VariantName = "[No Variations]"
Add component (AddParameter): Name = "Tolerance"; Value = "20%"; VariantName = "[No Variations]"
Add component (AddParameter): Name = "Type"; Value = "Power"; VariantName = "[No Variations]"
Add component (AddParameter): Name = "Value"; Value = "10µH"; VariantName = "[No Variations]"
Added Component: Designator=Q1(SOT23-3)
Add component (AddParameter): Name = "Case"; Value = "SOT23-3"; VariantName = "[No Variations]"
Add component (AddParameter): Name = "Category"; Value = "MOSFETs"; VariantName = "[No Variations]"
Add component (AddParameter): Name = "Dealer"; Value = "Farnell"; VariantName = "[No Variations]"
Add component (AddParameter): Name = "Dealer number"; Value = "1510761"; VariantName = "[No Variations]"
Add component (AddParameter): Name = "HelpURL"; Value = "https://www.farnell.com/datasheets/1499179.pdf"; VariantName = "[No Variations]"
Add component (AddParameter): Name = "Logic level"; Value = "Yes"; VariantName = "[No Variations]"
Add component (AddParameter): Name = "Manufacturer"; Value = "NXP"; VariantName = "[No Variations]"
Add component (AddParameter): Name = "Manufacturer Number"; Value = "2N7002"; VariantName = "[No Variations]"
Add component (AddParameter): Name = "Max current"; Value = "0.3A"; VariantName = "[No Variations]"
Add component (AddParameter): Name = "Max power disipation"; Value = "830mW"; VariantName = "[No Variations]"
Add component (AddParameter): Name = "Max voltage"; Value = "60V"; VariantName = "[No Variations]"
Add component (AddParameter): Name = "Price"; Value = "0.039"; VariantName = "[No Variations]"
Add component (AddParameter): Name = "RDS"; Value = "2.8?"; VariantName = "[No Variations]"
Add component (AddParameter): Name = "SKU"; Value = "5000000000001"; VariantName = "[No Variations]"
Add component (AddParameter): Name = "Technology"; Value = "SMT"; VariantName = "[No Variations]"
Add component (AddParameter): Name = "Type"; Value = "N-enhancment mode"; VariantName = "[No Variations]"
Added Component: Designator=R1(R_0603)
Add component (AddParameter): Name = "Value"; Value = "value"; VariantName = "[No Variations]"
Added Component: Designator=R2(R_0603)
Add component (AddParameter): Name = "Value"; Value = "value"; VariantName = "[No Variations]"
Added Component: Designator=R3(R_0603)
Add component (AddParameter): Name = "Value"; Value = "value"; VariantName = "[No Variations]"
Added Component: Designator=R4(R_0603)
Add component (AddParameter): Name = "Value"; Value = "value"; VariantName = "[No Variations]"
Added Component: Designator=R5(R_0603)
Add component (AddParameter): Name = "Value"; Value = "value"; VariantName = "[No Variations]"
Added Component: Designator=R6(R_0603)
Add component (AddParameter): Name = "Value"; Value = "value"; VariantName = "[No Variations]"
Added Component: Designator=R7(R_0603)
Add component (AddParameter): Name = "Value"; Value = "value"; VariantName = "[No Variations]"
Added Component: Designator=R8_1(R_0603)
Add component (AddParameter): Name = "Value"; Value = "value"; VariantName = "[No Variations]"
Added Component: Designator=R9(R_0603)
Add component (AddParameter): Name = "Value"; Value = "value"; VariantName = "[No Variations]"
Added Component: Designator=R10(R_0603)
Add component (AddParameter): Name = "Value"; Value = "value"; VariantName = "[No Variations]"
Added Component: Designator=R11_1(R_0603)
Add component (AddParameter): Name = "Value"; Value = "value"; VariantName = "[No Variations]"
Added Component: Designator=R12(R_0603)
Add component (AddParameter): Name = "Value"; Value = "value"; VariantName = "[No Variations]"
Added Component: Designator=R13(R_0603)
Add component (AddParameter): Name = "Value"; Value = "value"; VariantName = "[No Variations]"
Added Component: Designator=R14_1(R_0603)
Add component (AddParameter): Name = "Value"; Value = "value"; VariantName = "[No Variations]"
Added Component: Designator=R15(R_0603)
Add component (AddParameter): Name = "Value"; Value = "value"; VariantName = "[No Variations]"
Added Component: Designator=R16(R_0603)
Add component (AddParameter): Name = "Value"; Value = "value"; VariantName = "[No Variations]"
Added Component: Designator=R17_1(R_0603)
Add component (AddParameter): Name = "Value"; Value = "value"; VariantName = "[No Variations]"
Added Component: Designator=R18(R_0603)
Add component (AddParameter): Name = "Value"; Value = "value"; VariantName = "[No Variations]"
Added Component: Designator=R19(R_0603)
Add component (AddParameter): Name = "Value"; Value = "value"; VariantName = "[No Variations]"
Added Component: Designator=R20(R_0603)
Add component (AddParameter): Name = "Value"; Value = "value"; VariantName = "[No Variations]"
Added Component: Designator=R21(R_0603)
Add component (AddParameter): Name = "Value"; Value = "value"; VariantName = "[No Variations]"
Added Component: Designator=R22(R_0603)
Add component (AddParameter): Name = "Value"; Value = "value"; VariantName = "[No Variations]"
Added Component: Designator=R23(R_0603)
Add component (AddParameter): Name = "Value"; Value = "113k"; VariantName = "[No Variations]"
Added Component: Designator=R24(R_0603)
Add component (AddParameter): Name = "Value"; Value = "value"; VariantName = "[No Variations]"
Added Component: Designator=R25(R_0603)
Add component (AddParameter): Name = "Value"; Value = "10k"; VariantName = "[No Variations]"
Added Component: Designator=R26(R_0603)
Add component (AddParameter): Name = "Value"; Value = "value"; VariantName = "[No Variations]"
Added Component: Designator=R27(R_0603)
Add component (AddParameter): Name = "Value"; Value = "27.4k"; VariantName = "[No Variations]"
Added Component: Designator=R28(R_0603)
Add component (AddParameter): Name = "Value"; Value = "value"; VariantName = "[No Variations]"
Added Component: Designator=R30(R_0603)
Add component (AddParameter): Name = "Value"; Value = "value"; VariantName = "[No Variations]"
Added Component: Designator=R31(R_0603)
Add component (AddParameter): Name = "Value"; Value = "value"; VariantName = "[No Variations]"
Added Component: Designator=R32(R_0603)
Add component (AddParameter): Name = "Value"; Value = "value"; VariantName = "[No Variations]"
Added Component: Designator=R33(R_0603)
Add component (AddParameter): Name = "Value"; Value = "value"; VariantName = "[No Variations]"
Added Component: Designator=R34(R_0603)
Add component (AddParameter): Name = "Value"; Value = "value"; VariantName = "[No Variations]"
Added Component: Designator=R35(R_0603)
Add component (AddParameter): Name = "Value"; Value = "value"; VariantName = "[No Variations]"
Added Component: Designator=R36(R_0603)
Add component (AddParameter): Name = "Value"; Value = "value"; VariantName = "[No Variations]"
Added Component: Designator=R37(R_0603)
Add component (AddParameter): Name = "Value"; Value = "value"; VariantName = "[No Variations]"
Added Component: Designator=R38(R_0603)
Add component (AddParameter): Name = "Value"; Value = "value"; VariantName = "[No Variations]"
Added Component: Designator=R39(R_0603)
Add component (AddParameter): Name = "Value"; Value = "value"; VariantName = "[No Variations]"
Added Component: Designator=R40(R_0603)
Add component (AddParameter): Name = "Value"; Value = "value"; VariantName = "[No Variations]"
Added Component: Designator=R41(R_0603)
Add component (AddParameter): Name = "Value"; Value = "value"; VariantName = "[No Variations]"
Added Component: Designator=R42(R_0603)
Add component (AddParameter): Name = "Value"; Value = "value"; VariantName = "[No Variations]"
Added Component: Designator=R46(R_0603)
Add component (AddParameter): Name = "Value"; Value = "value"; VariantName = "[No Variations]"
Added Component: Designator=R47(R_0603)
Add component (AddParameter): Name = "Value"; Value = "value"; VariantName = "[No Variations]"
Added Component: Designator=R48(R_0603)
Add component (AddParameter): Name = "Value"; Value = "value"; VariantName = "[No Variations]"
Added Component: Designator=R49(R_0603)
Add component (AddParameter): Name = "Value"; Value = "value"; VariantName = "[No Variations]"
Added Component: Designator=R50(R_0603)
Add component (AddParameter): Name = "Value"; Value = "value"; VariantName = "[No Variations]"
Added Component: Designator=R51(R_0603)
Add component (AddParameter): Name = "Value"; Value = "value"; VariantName = "[No Variations]"
Added Component: Designator=R52(R_0603)
Add component (AddParameter): Name = "Value"; Value = "value"; VariantName = "[No Variations]"
Added Component: Designator=R53(R_0603)
Add component (AddParameter): Name = "Value"; Value = "value"; VariantName = "[No Variations]"
Added Component: Designator=R54(R_0603)
Add component (AddParameter): Name = "Value"; Value = "value"; VariantName = "[No Variations]"
Added Component: Designator=TP1(TP1_FULL)
Add component (AddParameter): Name = "Category"; Value = "testpoints"; VariantName = "[No Variations]"
Added Component: Designator=TP2(TP1_FULL)
Add component (AddParameter): Name = "Category"; Value = "testpoints"; VariantName = "[No Variations]"
Added Component: Designator=TP3_1(TP1_FULL)
Add component (AddParameter): Name = "Category"; Value = "testpoints"; VariantName = "[No Variations]"
Added Component: Designator=TP4(TP1_FULL)
Add component (AddParameter): Name = "Category"; Value = "testpoints"; VariantName = "[No Variations]"
Added Component: Designator=TP5(TP1_FULL)
Add component (AddParameter): Name = "Category"; Value = "testpoints"; VariantName = "[No Variations]"
Added Component: Designator=TP7(TP1_FULL)
Add component (AddParameter): Name = "Category"; Value = "testpoints"; VariantName = "[No Variations]"
Added Component: Designator=TP8(TP1_FULL)
Add component (AddParameter): Name = "Category"; Value = "testpoints"; VariantName = "[No Variations]"
Added Component: Designator=TP9(TP1_FULL)
Add component (AddParameter): Name = "Category"; Value = "testpoints"; VariantName = "[No Variations]"
Add component (AddParameter): Name = "Part Number"; Value = "XXC0006"; VariantName = "[No Variations]"
Added Component: Designator=TP10(TP1_FULL)
Add component (AddParameter): Name = "Category"; Value = "testpoints"; VariantName = "[No Variations]"
Added Component: Designator=TP11(TP1_FULL)
Add component (AddParameter): Name = "Category"; Value = "testpoints"; VariantName = "[No Variations]"
Add component (AddParameter): Name = "Part Number"; Value = "XXC0006"; VariantName = "[No Variations]"
Added Component: Designator=TP12(TP1_FULL)
Add component (AddParameter): Name = "Category"; Value = "testpoints"; VariantName = "[No Variations]"
Add component (AddParameter): Name = "Part Number"; Value = "XXC0006"; VariantName = "[No Variations]"
Added Component: Designator=TP13(TP1_FULL)
Add component (AddParameter): Name = "Category"; Value = "testpoints"; VariantName = "[No Variations]"
Add component (AddParameter): Name = "Part Number"; Value = "XXC0006"; VariantName = "[No Variations]"
Added Component: Designator=TP14(TP1_FULL)
Add component (AddParameter): Name = "Category"; Value = "testpoints"; VariantName = "[No Variations]"
Added Component: Designator=U1(SOIC14)
Add component (AddParameter): Name = "Case"; Value = "SOIC14"; VariantName = "[No Variations]"
Add component (AddParameter): Name = "Category"; Value = "Integrated circuits"; VariantName = "[No Variations]"
Add component (AddParameter): Name = "Dealer"; Value = "Mouser"; VariantName = "[No Variations]"
Add component (AddParameter): Name = "Dealer number"; Value = "595-OPA4348AID"; VariantName = "[No Variations]"
Add component (AddParameter): Name = "Devices"; Value = "4"; VariantName = "[No Variations]"
Add component (AddParameter): Name = "GBP"; Value = "1MHz"; VariantName = "[No Variations]"
Add component (AddParameter): Name = "HelpURL"; Value = "http://www.ti.com/general/docs/suppproductinfo.tsp?distId=26&gotoUrl=http%3A%2F%2Fwww.ti.com%2Flit%2Fgpn%2Fopa4348"; VariantName = "[No Variations]"
Add component (AddParameter): Name = "Manufacturer"; Value = "Texas Instruments"; VariantName = "[No Variations]"
Add component (AddParameter): Name = "Manufacturer Number"; Value = "OPA4348AID"; VariantName = "[No Variations]"
Add component (AddParameter): Name = "Price"; Value = "1.64"; VariantName = "[No Variations]"
Add component (AddParameter): Name = "Rail to Rail"; Value = "IN/OUT"; VariantName = "[No Variations]"
Add component (AddParameter): Name = "Supply voltage max"; Value = "5.5V"; VariantName = "[No Variations]"
Add component (AddParameter): Name = "Supply voltage min"; Value = "2.1V"; VariantName = "[No Variations]"
Add component (AddParameter): Name = "Technology"; Value = "SMT"; VariantName = "[No Variations]"
Added Component: Designator=U2_1(SOT23-5)
Add component (AddParameter): Name = "Case"; Value = "SOT"; VariantName = "[No Variations]"
Add component (AddParameter): Name = "Category"; Value = "Integrated circuits"; VariantName = "[No Variations]"
Add component (AddParameter): Name = "Dealer"; Value = "Farnell"; VariantName = "[No Variations]"
Add component (AddParameter): Name = "Dealer number"; Value = "2461002"; VariantName = "[No Variations]"
Add component (AddParameter): Name = "Devices"; Value = "1"; VariantName = "[No Variations]"
Add component (AddParameter): Name = "HelpURL"; Value = "https://www.farnell.com/datasheets/698265.pdf"; VariantName = "[No Variations]"
Add component (AddParameter): Name = "Manufacturer"; Value = "Analog devices"; VariantName = "[No Variations]"
Add component (AddParameter): Name = "Manufacturer Number"; Value = "ADA4000-1AUJZ-R7"; VariantName = "[No Variations]"
Add component (AddParameter): Name = "Price"; Value = "1.97"; VariantName = "[No Variations]"
Add component (AddParameter): Name = "Supply voltage max"; Value = "+-18V"; VariantName = "[No Variations]"
Add component (AddParameter): Name = "Technology"; Value = "SMT"; VariantName = "[No Variations]"
Added Component: Designator=U3(SOT23-5)
Add component (AddParameter): Name = "Case"; Value = "SOT23-5"; VariantName = "[No Variations]"
Add component (AddParameter): Name = "Category"; Value = "Integrated circuits"; VariantName = "[No Variations]"
Add component (AddParameter): Name = "Dealer"; Value = "Mouser"; VariantName = "[No Variations]"
Add component (AddParameter): Name = "Dealer number"; Value = "595-TLV2471IDBVT"; VariantName = "[No Variations]"
Add component (AddParameter): Name = "Devices"; Value = "1"; VariantName = "[No Variations]"
Add component (AddParameter): Name = "GBP"; Value = "2.8MHz"; VariantName = "[No Variations]"
Add component (AddParameter): Name = "HelpURL"; Value = "http://www.ti.com/general/docs/suppproductinfo.tsp?distId=26&gotoUrl=http%3A%2F%2Fwww.ti.com%2Flit%2Fgpn%2Ftlv2471"; VariantName = "[No Variations]"
Add component (AddParameter): Name = "Manufacturer"; Value = "Texas Instruments"; VariantName = "[No Variations]"
Add component (AddParameter): Name = "Manufacturer Number"; Value = "TLV2471IDBVT"; VariantName = "[No Variations]"
Add component (AddParameter): Name = "Price"; Value = "1.43"; VariantName = "[No Variations]"
Add component (AddParameter): Name = "Rail to Rail"; Value = "IN/OUT"; VariantName = "[No Variations]"
Add component (AddParameter): Name = "Supply voltage max"; Value = "6V"; VariantName = "[No Variations]"
Add component (AddParameter): Name = "Supply voltage min"; Value = "2.7V"; VariantName = "[No Variations]"
Add component (AddParameter): Name = "Technology"; Value = "SMT"; VariantName = "[No Variations]"
Added Component: Designator=U4(MSOP8)
Add component (AddParameter): Name = "Case"; Value = "MSOP8"; VariantName = "[No Variations]"
Add component (AddParameter): Name = "Category"; Value = "Integrated circuits"; VariantName = "[No Variations]"
Add component (AddParameter): Name = "Dealer"; Value = "Mouser"; VariantName = "[No Variations]"
Add component (AddParameter): Name = "Dealer number"; Value = "584-ADR3525WARMZ-R7"; VariantName = "[No Variations]"
Add component (AddParameter): Name = "HelpURL"; Value = "https://www.farnell.com/datasheets/1511785.pdf"; VariantName = "[No Variations]"
Add component (AddParameter): Name = "Manufacturer"; Value = "Analog devices"; VariantName = "[No Variations]"
Add component (AddParameter): Name = "Manufacturer Number"; Value = "ADR3525WARMZ-R7"; VariantName = "[No Variations]"
Add component (AddParameter): Name = "Max input voltage"; Value = "5.5V"; VariantName = "[No Variations]"
Add component (AddParameter): Name = "Output current"; Value = "10mA"; VariantName = "[No Variations]"
Add component (AddParameter): Name = "Output Voltage"; Value = "2.5V"; VariantName = "[No Variations]"
Add component (AddParameter): Name = "Part Number"; Value = "VRX0002"; VariantName = "[No Variations]"
Add component (AddParameter): Name = "Price"; Value = "1.66"; VariantName = "[No Variations]"
Add component (AddParameter): Name = "Technology"; Value = "SMT"; VariantName = "[No Variations]"
Add component (AddParameter): Name = "Voltage tolerance"; Value = "0.1%"; VariantName = "[No Variations]"
Added Component: Designator=U5(SOT363)
Add component (AddParameter): Name = "Case"; Value = "SOT363"; VariantName = "[No Variations]"
Add component (AddParameter): Name = "Category"; Value = "diode array"; VariantName = "[No Variations]"
Add component (AddParameter): Name = "Clamping voltage"; Value = "3.8V"; VariantName = "[No Variations]"
Add component (AddParameter): Name = "Dealer"; Value = "Farnell"; VariantName = "[No Variations]"
Add component (AddParameter): Name = "Dealer number"; Value = "2400968"; VariantName = "[No Variations]"
Add component (AddParameter): Name = "HelpURL"; Value = "https://www.farnell.com/datasheets/1801208.pdf"; VariantName = "[No Variations]"
Add component (AddParameter): Name = "Manufacturer"; Value = "Multicomp"; VariantName = "[No Variations]"
Add component (AddParameter): Name = "Manufacturer Number"; Value = "PUSB2X4Y"; VariantName = "[No Variations]"
Add component (AddParameter): Name = "Price"; Value = "0.174"; VariantName = "[No Variations]"
Add component (AddParameter): Name = "Technology"; Value = "SMT"; VariantName = "[No Variations]"
Added Component: Designator=U6(SOT363)
Add component (AddParameter): Name = "Case"; Value = "SOT363"; VariantName = "[No Variations]"
Add component (AddParameter): Name = "Category"; Value = "diode array"; VariantName = "[No Variations]"
Add component (AddParameter): Name = "Clamping voltage"; Value = "3.8V"; VariantName = "[No Variations]"
Add component (AddParameter): Name = "Dealer"; Value = "Farnell"; VariantName = "[No Variations]"
Add component (AddParameter): Name = "Dealer number"; Value = "2400968"; VariantName = "[No Variations]"
Add component (AddParameter): Name = "HelpURL"; Value = "https://www.farnell.com/datasheets/1801208.pdf"; VariantName = "[No Variations]"
Add component (AddParameter): Name = "Manufacturer"; Value = "Multicomp"; VariantName = "[No Variations]"
Add component (AddParameter): Name = "Manufacturer Number"; Value = "PUSB2X4Y"; VariantName = "[No Variations]"
Add component (AddParameter): Name = "Price"; Value = "0.174"; VariantName = "[No Variations]"
Add component (AddParameter): Name = "Technology"; Value = "SMT"; VariantName = "[No Variations]"
Added Component: Designator=U7(SOT363)
Add component (AddParameter): Name = "Case"; Value = "SOT363"; VariantName = "[No Variations]"
Add component (AddParameter): Name = "Category"; Value = "diode array"; VariantName = "[No Variations]"
Add component (AddParameter): Name = "Clamping voltage"; Value = "3.8V"; VariantName = "[No Variations]"
Add component (AddParameter): Name = "Dealer"; Value = "Farnell"; VariantName = "[No Variations]"
Add component (AddParameter): Name = "Dealer number"; Value = "2400968"; VariantName = "[No Variations]"
Add component (AddParameter): Name = "HelpURL"; Value = "https://www.farnell.com/datasheets/1801208.pdf"; VariantName = "[No Variations]"
Add component (AddParameter): Name = "Manufacturer"; Value = "Multicomp"; VariantName = "[No Variations]"
Add component (AddParameter): Name = "Manufacturer Number"; Value = "PUSB2X4Y"; VariantName = "[No Variations]"
Add component (AddParameter): Name = "Price"; Value = "0.174"; VariantName = "[No Variations]"
Add component (AddParameter): Name = "Technology"; Value = "SMT"; VariantName = "[No Variations]"
Added Component: Designator=U8(MC78L12ACDG)
Add component (AddParameter): Name = "Case"; Value = "SOIC8"; VariantName = "[No Variations]"
Add component (AddParameter): Name = "Category"; Value = "Integrated circuits"; VariantName = "[No Variations]"
Add component (AddParameter): Name = "Dealer"; Value = "Farnell"; VariantName = "[No Variations]"
Add component (AddParameter): Name = "Dealer number"; Value = "9666273"; VariantName = "[No Variations]"
Add component (AddParameter): Name = "HelpURL"; Value = "https://www.farnell.com/datasheets/2236920.pdf"; VariantName = "[No Variations]"
Add component (AddParameter): Name = "LDO"; Value = "No"; VariantName = "[No Variations]"
Add component (AddParameter): Name = "Low noise"; Value = "No"; VariantName = "[No Variations]"
Add component (AddParameter): Name = "Manufacturer"; Value = "ON Semiconductors"; VariantName = "[No Variations]"
Add component (AddParameter): Name = "Manufacturer Number"; Value = "MC78L12ACDG"; VariantName = "[No Variations]"
Add component (AddParameter): Name = "Max input voltage"; Value = "35V"; VariantName = "[No Variations]"
Add component (AddParameter): Name = "Output current"; Value = "100mA"; VariantName = "[No Variations]"
Add component (AddParameter): Name = "Output Voltage"; Value = "12V"; VariantName = "[No Variations]"
Add component (AddParameter): Name = "Price"; Value = "0.43"; VariantName = "[No Variations]"
Add component (AddParameter): Name = "Technology"; Value = "SMT"; VariantName = "[No Variations]"
Add component (AddParameter): Name = "Teperature range"; Value = "0°C to +150°C"; VariantName = "[No Variations]"
Add component (AddParameter): Name = "Voltage tolerance"; Value = "5%"; VariantName = "[No Variations]"
Added Component: Designator=U9(SOT23-5)
Add component (AddParameter): Name = "Case"; Value = "SOT23-5"; VariantName = "[No Variations]"
Add component (AddParameter): Name = "Category"; Value = "Integrated circuits"; VariantName = "[No Variations]"
Add component (AddParameter): Name = "Dealer"; Value = "Farnell"; VariantName = "[No Variations]"
Add component (AddParameter): Name = "Dealer number"; Value = "2382995"; VariantName = "[No Variations]"
Add component (AddParameter): Name = "HelpURL"; Value = "http://www.ti.com/general/docs/suppproductinfo.tsp?distId=26&gotoUrl=http%3A%2F%2Fwww.ti.com%2Flit%2Fgpn%2Ftps709"; VariantName = "[No Variations]"
Add component (AddParameter): Name = "LDO"; Value = "Yes"; VariantName = "[No Variations]"
Add component (AddParameter): Name = "Low noise"; Value = "No"; VariantName = "[No Variations]"
Add component (AddParameter): Name = "Manufacturer"; Value = "Texas Instruments"; VariantName = "[No Variations]"
Add component (AddParameter): Name = "Manufacturer Number"; Value = "TPS70933DBVT"; VariantName = "[No Variations]"
Add component (AddParameter): Name = "Max input voltage"; Value = "30V"; VariantName = "[No Variations]"
Add component (AddParameter): Name = "Output current"; Value = "150mA"; VariantName = "[No Variations]"
Add component (AddParameter): Name = "Output Voltage"; Value = "3.3V"; VariantName = "[No Variations]"
Add component (AddParameter): Name = "Part Number"; Value = "XLR0012"; VariantName = "[No Variations]"
Add component (AddParameter): Name = "Price"; Value = "0.86"; VariantName = "[No Variations]"
Add component (AddParameter): Name = "Technology"; Value = "SMT"; VariantName = "[No Variations]"
Add component (AddParameter): Name = "Teperature range"; Value = "-40°C to +85°C"; VariantName = "[No Variations]"
Added Component: Designator=U10(MSOP8)
Add component (AddParameter): Name = "Case"; Value = "MSOP8"; VariantName = "[No Variations]"
Add component (AddParameter): Name = "Category"; Value = "Integrated circuits"; VariantName = "[No Variations]"
Add component (AddParameter): Name = "Dealer"; Value = "Mouser"; VariantName = "[No Variations]"
Add component (AddParameter): Name = "Dealer number"; Value = "584-ADP1613ARMZ-R7"; VariantName = "[No Variations]"
Add component (AddParameter): Name = "Ext Cock"; Value = "No"; VariantName = "[No Variations]"
Add component (AddParameter): Name = "HelpURL"; Value = "https://eu.mouser.com/datasheet/2/609/ADP1612_1613-1503267.pdf"; VariantName = "[No Variations]"
Add component (AddParameter): Name = "Input voltage max"; Value = "5.5V"; VariantName = "[No Variations]"
Add component (AddParameter): Name = "Input voltage min"; Value = "2.5V"; VariantName = "[No Variations]"
Add component (AddParameter): Name = "Manufacturer"; Value = "Analog devices"; VariantName = "[No Variations]"
Add component (AddParameter): Name = "Manufacturer Number"; Value = "ADP1613ARMZ-R7"; VariantName = "[No Variations]"
Add component (AddParameter): Name = "Max output current"; Value = "1.5A"; VariantName = "[No Variations]"
Add component (AddParameter): Name = "Multyphaze"; Value = "No"; VariantName = "[No Variations]"
Add component (AddParameter): Name = "Output voltage max"; Value = "20V"; VariantName = "[No Variations]"
Add component (AddParameter): Name = "Output voltage min"; Value = "3.6V"; VariantName = "[No Variations]"
Add component (AddParameter): Name = "Price"; Value = "1.63"; VariantName = "[No Variations]"
Add component (AddParameter): Name = "Switching element"; Value = "Internal"; VariantName = "[No Variations]"
Add component (AddParameter): Name = "Synchronious"; Value = "No"; VariantName = "[No Variations]"
Add component (AddParameter): Name = "Technology"; Value = "SMT"; VariantName = "[No Variations]"
Add component (AddParameter): Name = "Type"; Value = "Boost"; VariantName = "[No Variations]"
Added Component: Designator=U11(MC79L12ACDG)
Add component (AddParameter): Name = "Case"; Value = "SOIC8"; VariantName = "[No Variations]"
Add component (AddParameter): Name = "Category"; Value = "Integrated circuits"; VariantName = "[No Variations]"
Add component (AddParameter): Name = "Dealer"; Value = "Farnell"; VariantName = "[No Variations]"
Add component (AddParameter): Name = "Dealer number"; Value = "1652361"; VariantName = "[No Variations]"
Add component (AddParameter): Name = "HelpURL"; Value = "https://www.farnell.com/datasheets/2255359.pdf"; VariantName = "[No Variations]"
Add component (AddParameter): Name = "LDO"; Value = "No"; VariantName = "[No Variations]"
Add component (AddParameter): Name = "Low noise"; Value = "No"; VariantName = "[No Variations]"
Add component (AddParameter): Name = "Manufacturer"; Value = "ON Semiconductors"; VariantName = "[No Variations]"
Add component (AddParameter): Name = "Manufacturer Number"; Value = "MC79L12ACDG"; VariantName = "[No Variations]"
Add component (AddParameter): Name = "Max input voltage"; Value = "-14V"; VariantName = "[No Variations]"
Add component (AddParameter): Name = "Output current"; Value = "100mA"; VariantName = "[No Variations]"
Add component (AddParameter): Name = "Output Voltage"; Value = "-12V"; VariantName = "[No Variations]"
Add component (AddParameter): Name = "Price"; Value = "0.52"; VariantName = "[No Variations]"
Add component (AddParameter): Name = "Technology"; Value = "SMT"; VariantName = "[No Variations]"
Add component (AddParameter): Name = "Teperature range"; Value = "0°C to +150°C"; VariantName = "[No Variations]"
Add component (AddParameter): Name = "Voltage tolerance"; Value = "5%"; VariantName = "[No Variations]"
Added Component: Designator=U12(LQFP64)
Add component (AddParameter): Name = "ADCs"; Value = "8"; VariantName = "[No Variations]"
Add component (AddParameter): Name = "Case"; Value = "LQFP64"; VariantName = "[No Variations]"
Add component (AddParameter): Name = "Category"; Value = "Integrated circuits"; VariantName = "[No Variations]"
Add component (AddParameter): Name = "Core"; Value = "Cortex-M3"; VariantName = "[No Variations]"
Add component (AddParameter): Name = "Dealer"; Value = "Farnell"; VariantName = "[No Variations]"
Add component (AddParameter): Name = "Dealer number"; Value = "1841656"; VariantName = "[No Variations]"
Add component (AddParameter): Name = "Flash"; Value = "256kB"; VariantName = "[No Variations]"
Add component (AddParameter): Name = "GPIOs"; Value = "47"; VariantName = "[No Variations]"
Add component (AddParameter): Name = "HelpURL"; Value = "https://www.farnell.com/datasheets/1698183.pdf"; VariantName = "[No Variations]"
Add component (AddParameter): Name = "IIC"; Value = "2"; VariantName = "[No Variations]"
Add component (AddParameter): Name = "Manufacturer"; Value = "Atmel"; VariantName = "[No Variations]"
Add component (AddParameter): Name = "Manufacturer Number"; Value = "ATSAM3S4BA-AU"; VariantName = "[No Variations]"
Add component (AddParameter): Name = "Max Frequency"; Value = "64MHz"; VariantName = "[No Variations]"
Add component (AddParameter): Name = "Price"; Value = "6.58"; VariantName = "[No Variations]"
Add component (AddParameter): Name = "RAM"; Value = "48kB"; VariantName = "[No Variations]"
Add component (AddParameter): Name = "SPI"; Value = "1"; VariantName = "[No Variations]"
Add component (AddParameter): Name = "Supply voltage max"; Value = "3.6V"; VariantName = "[No Variations]"
Add component (AddParameter): Name = "Supply voltage min"; Value = "1.62V"; VariantName = "[No Variations]"
Add component (AddParameter): Name = "Technology"; Value = "SMT"; VariantName = "[No Variations]"
Add component (AddParameter): Name = "Temperature range"; Value = "-40°C to +85°C"; VariantName = "[No Variations]"
Add component (AddParameter): Name = "Timers"; Value = "3"; VariantName = "[No Variations]"
Add component (AddParameter): Name = "UART"; Value = "3"; VariantName = "[No Variations]"
Added Component: Designator=U13(SOT23-5)
Add component (AddParameter): Name = "Case"; Value = "SOT23-5"; VariantName = "[No Variations]"
Add component (AddParameter): Name = "Category"; Value = "Integrated circuits"; VariantName = "[No Variations]"
Add component (AddParameter): Name = "Dealer"; Value = "Farnell"; VariantName = "[No Variations]"
Add component (AddParameter): Name = "Dealer number"; Value = "1207346"; VariantName = "[No Variations]"
Add component (AddParameter): Name = "HelpURL"; Value = "http://www.ti.com/general/docs/suppproductinfo.tsp?distId=26&gotoUrl=http%3A%2F%2Fwww.ti.com%2Flit%2Fgpn%2Ftps736"; VariantName = "[No Variations]"
Add component (AddParameter): Name = "LDO"; Value = "Yes"; VariantName = "[No Variations]"
Add component (AddParameter): Name = "Low noise"; Value = "No"; VariantName = "[No Variations]"
Add component (AddParameter): Name = "Manufacturer"; Value = "Texas instruments"; VariantName = "[No Variations]"
Add component (AddParameter): Name = "Manufacturer Number"; Value = "TPS73633DBV"; VariantName = "[No Variations]"
Add component (AddParameter): Name = "Max input voltage"; Value = "5.5V"; VariantName = "[No Variations]"
Add component (AddParameter): Name = "Output current"; Value = "400mA"; VariantName = "[No Variations]"
Add component (AddParameter): Name = "Output Voltage"; Value = "3.3V"; VariantName = "[No Variations]"
Add component (AddParameter): Name = "Part Number"; Value = "XLR0013"; VariantName = "[No Variations]"
Add component (AddParameter): Name = "Price"; Value = "2.53"; VariantName = "[No Variations]"
Add component (AddParameter): Name = "Technology"; Value = "SMT"; VariantName = "[No Variations]"
Add component (AddParameter): Name = "Teperature range"; Value = "-40°C to +125°C"; VariantName = "[No Variations]"
Add component (AddParameter): Name = "Voltage tolerance"; Value = "1%"; VariantName = "[No Variations]"
Added Component: Designator=U14(OLED1)
Add component (AddParameter): Name = "Category"; Value = "Displays"; VariantName = "[No Variations]"
Add component (AddParameter): Name = "Dealer"; Value = "Ebay"; VariantName = "[No Variations]"
Add component (AddParameter): Name = "HelpURL"; Value = "https://cdn-shop.adafruit.com/datasheets/SSD1306.pdf"; VariantName = "[No Variations]"
Add component (AddParameter): Name = "Price"; Value = "7"; VariantName = "[No Variations]"
Add component (AddParameter): Name = "Technology"; Value = "THT"; VariantName = "[No Variations]"
Added Component: Designator=U15(ESP-01)
Add component (AddParameter): Name = "Category"; Value = "WIFI modules"; VariantName = "[No Variations]"
Add component (AddParameter): Name = "Dealer"; Value = "Ebay"; VariantName = "[No Variations]"
Add component (AddParameter): Name = "HelpURL"; Value = "https://en.wikipedia.org/wiki/ESP8266"; VariantName = "[No Variations]"
Add component (AddParameter): Name = "Price"; Value = "3.8"; VariantName = "[No Variations]"
Add component (AddParameter): Name = "Technology"; Value = "THT"; VariantName = "[No Variations]"
Added Component: Designator=Y1(2X6_FLAT)
Add component (AddParameter): Name = "Case"; Value = "5X3.2_1"; VariantName = "[No Variations]"
Add component (AddParameter): Name = "Category"; Value = "Crystals"; VariantName = "[No Variations]"
Add component (AddParameter): Name = "Dealer"; Value = "Farnell"; VariantName = "[No Variations]"
Add component (AddParameter): Name = "Dealer number"; Value = "1652573"; VariantName = "[No Variations]"
Add component (AddParameter): Name = "Frequency tolerance"; Value = "20ppm"; VariantName = "[No Variations]"
Add component (AddParameter): Name = "HelpURL"; Value = "http://www.ramitechnology.com/products/spec/crystal/crystal-r38_26_145.pdf"; VariantName = "[No Variations]"
Add component (AddParameter): Name = "Load capacitance"; Value = "12pF"; VariantName = "[No Variations]"
Add component (AddParameter): Name = "Manufacturer"; Value = "RALTRON"; VariantName = "[No Variations]"
Add component (AddParameter): Name = "Manufacturer Number"; Value = "R26-32.768- 12.5"; VariantName = "[No Variations]"
Add component (AddParameter): Name = "Part Number"; Value = "XCR0010"; VariantName = "[No Variations]"
Add component (AddParameter): Name = "Price"; Value = "0.18"; VariantName = "[No Variations]"
Add component (AddParameter): Name = "Technology"; Value = "THT"; VariantName = "[No Variations]"
Add component (AddParameter): Name = "Value"; Value = "32.758khz"; VariantName = "[No Variations]"
Added Component: Designator=Y2(5X3.2)
Add component (AddParameter): Name = "Case"; Value = "5X3.2"; VariantName = "[No Variations]"
Add component (AddParameter): Name = "Category"; Value = "Crystals"; VariantName = "[No Variations]"
Add component (AddParameter): Name = "Dealer"; Value = "Farnell"; VariantName = "[No Variations]"
Add component (AddParameter): Name = "Dealer number"; Value = "1841946"; VariantName = "[No Variations]"
Add component (AddParameter): Name = "Frequency tolerance"; Value = "30ppm"; VariantName = "[No Variations]"
Add component (AddParameter): Name = "HelpURL"; Value = "https://www.farnell.com/datasheets/1041607.pdf"; VariantName = "[No Variations]"
Add component (AddParameter): Name = "Load capacitance"; Value = "18pF"; VariantName = "[No Variations]"
Add component (AddParameter): Name = "Manufacturer"; Value = "TCX"; VariantName = "[No Variations]"
Add component (AddParameter): Name = "Manufacturer Number"; Value = "7A-16.000MAAJ-T"; VariantName = "[No Variations]"
Add component (AddParameter): Name = "Price"; Value = "0.91"; VariantName = "[No Variations]"
Add component (AddParameter): Name = "Technology"; Value = "SMT"; VariantName = "[No Variations]"
Add component (AddParameter): Name = "Value"; Value = "16MHz"; VariantName = "[No Variations]"
Added Pin To Net: NetName=AGND Pin=C1-1
Added Pin To Net: NetName=VSUPA Pin=C1-2
Added Pin To Net: NetName=+12V Pin=C2_1-1
Added Pin To Net: NetName=AGND Pin=C2_1-2
Added Pin To Net: NetName=-12V Pin=C3_1-1
Added Pin To Net: NetName=AGND Pin=C3_1-2
Added Pin To Net: NetName=VREF/2 Pin=C4-1
Added Pin To Net: NetName=GND Pin=C4-2
Added Pin To Net: NetName=VREF/2 Pin=C5-1
Added Pin To Net: NetName=GND Pin=C5-2
Added Pin To Net: NetName=VREF/2 Pin=C6-1
Added Pin To Net: NetName=GND Pin=C6-2
Added Pin To Net: NetName=VREF/2 Pin=C7-1
Added Pin To Net: NetName=GND Pin=C7-2
Added Pin To Net: NetName=GND Pin=C8-1
Added Pin To Net: NetName=3V3A Pin=C8-2
Added Pin To Net: NetName=NetC9_1 Pin=C9-1
Added Pin To Net: NetName=GND Pin=C9-2
Added Pin To Net: NetName=3V3A Pin=C10-1
Added Pin To Net: NetName=GND Pin=C10-2
Added Pin To Net: NetName=3V3A Pin=C11-1
Added Pin To Net: NetName=GND Pin=C11-2
Added Pin To Net: NetName=VREF Pin=C12-1
Added Pin To Net: NetName=GND Pin=C12-2
Added Pin To Net: NetName=GND Pin=C13-1
Added Pin To Net: NetName=SHLD Pin=C13-2
Added Pin To Net: NetName=+15V Pin=C14-1
Added Pin To Net: NetName=GND Pin=C14-2
Added Pin To Net: NetName=NetC15_1 Pin=C15-1
Added Pin To Net: NetName=NetC15_2 Pin=C15-2
Added Pin To Net: NetName=NetC16_1 Pin=C16-1
Added Pin To Net: NetName=GND Pin=C16-2
Added Pin To Net: NetName=AGND Pin=C17-1
Added Pin To Net: NetName=+12V Pin=C17-2
Added Pin To Net: NetName=-15V Pin=C18-1
Added Pin To Net: NetName=GND Pin=C18-2
Added Pin To Net: NetName=-15V Pin=C19-1
Added Pin To Net: NetName=GND Pin=C19-2
Added Pin To Net: NetName=NetC15_2 Pin=C20-1
Added Pin To Net: NetName=NetC20_2 Pin=C20-2
Added Pin To Net: NetName=VSUP Pin=C21-1
Added Pin To Net: NetName=+15V Pin=C22-1
Added Pin To Net: NetName=GND Pin=C22-2
Added Pin To Net: NetName=NetC23_1 Pin=C23-1
Added Pin To Net: NetName=GND Pin=C23-2
Added Pin To Net: NetName=VSUP Pin=C24-1
Added Pin To Net: NetName=GND Pin=C24-2
Added Pin To Net: NetName=GND Pin=C25-1
Added Pin To Net: NetName=VSUP Pin=C25-2
Added Pin To Net: NetName=3V3A Pin=C26-1
Added Pin To Net: NetName=GND Pin=C26-2
Added Pin To Net: NetName=3V3 Pin=C27-1
Added Pin To Net: NetName=GND Pin=C27-2
Added Pin To Net: NetName=VSUP Pin=C28-1
Added Pin To Net: NetName=GND Pin=C28-2
Added Pin To Net: NetName=NetC29_1 Pin=C29-1
Added Pin To Net: NetName=GND Pin=C29-2
Added Pin To Net: NetName=GND Pin=C30-1
Added Pin To Net: NetName=NetC30_2 Pin=C30-2
Added Pin To Net: NetName=NetC31_1 Pin=C31-1
Added Pin To Net: NetName=NetC30_2 Pin=C31-2
Added Pin To Net: NetName=-15V Pin=C32-1
Added Pin To Net: NetName=GND Pin=C32-2
Added Pin To Net: NetName=GND Pin=C33-1
Added Pin To Net: NetName=NetC33_2 Pin=C33-2
Added Pin To Net: NetName=AGND Pin=C34-1
Added Pin To Net: NetName=-12V Pin=C34-2
Added Pin To Net: NetName=3V3 Pin=C35-1
Added Pin To Net: NetName=GND Pin=C35-2
Added Pin To Net: NetName=3V3 Pin=C36-1
Added Pin To Net: NetName=GND Pin=C36-2
Added Pin To Net: NetName=3V3 Pin=C37-1
Added Pin To Net: NetName=GND Pin=C37-2
Added Pin To Net: NetName=3V3 Pin=C38-1
Added Pin To Net: NetName=GND Pin=C38-2
Added Pin To Net: NetName=3V3W Pin=C39-1
Added Pin To Net: NetName=GND Pin=C39-2
Added Pin To Net: NetName=VSUP Pin=C40-1
Added Pin To Net: NetName=GND Pin=C40-2
Added Pin To Net: NetName=3V3W Pin=C41-1
Added Pin To Net: NetName=GND Pin=C41-2
Added Pin To Net: NetName=3V3A Pin=C42-1
Added Pin To Net: NetName=GND Pin=C42-2
Added Pin To Net: NetName=VSUPA Pin=C43-1
Added Pin To Net: NetName=AGND Pin=C43-2
Added Pin To Net: NetName=NetC44_1 Pin=C44-1
Added Pin To Net: NetName=GND Pin=C44-2
Added Pin To Net: NetName=NetC44_1 Pin=C45-1
Added Pin To Net: NetName=GND Pin=C45-2
Added Pin To Net: NetName=NetC44_1 Pin=C46-1
Added Pin To Net: NetName=GND Pin=C46-2
Added Pin To Net: NetName=NetC44_1 Pin=C47-1
Added Pin To Net: NetName=GND Pin=C47-2
Added Pin To Net: NetName=NetC44_1 Pin=C48-1
Added Pin To Net: NetName=GND Pin=C48-2
Added Pin To Net: NetName=NetC49_1 Pin=C49-1
Added Pin To Net: NetName=GND Pin=C49-2
Added Pin To Net: NetName=NetC50_1 Pin=C50-1
Added Pin To Net: NetName=GND Pin=C50-2
Added Pin To Net: NetName=32KHZ_1 Pin=C51-1
Added Pin To Net: NetName=GND Pin=C51-2
Added Pin To Net: NetName=32KHZ_2 Pin=C52-1
Added Pin To Net: NetName=GND Pin=C52-2
Added Pin To Net: NetName=NetC53_1 Pin=C53-1
Added Pin To Net: NetName=GND Pin=C53-2
Added Pin To Net: NetName=GND Pin=C54-1
Added Pin To Net: NetName=3V3W Pin=C54-2
Added Pin To Net: NetName=GND Pin=C55-1
Added Pin To Net: NetName=3V3W Pin=C55-2
Added Pin To Net: NetName=NetC56_1 Pin=C56-1
Added Pin To Net: NetName=3V3W Pin=C56-2
Added Pin To Net: NetName=NetC57_1 Pin=C57-1
Added Pin To Net: NetName=GND Pin=C57-2
Added Pin To Net: NetName=NetC15_1 Pin=D1-1
Added Pin To Net: NetName=GND Pin=D1-2
Added Pin To Net: NetName=NetC20_2 Pin=D2-1
Added Pin To Net: NetName=NetC23_1 Pin=D2-2
Added Pin To Net: NetName=NetD3_1 Pin=D3-1
Added Pin To Net: NetName=3V3 Pin=D3-2
Added Pin To Net: NetName=NetE1_1 Pin=E1-1
Added Pin To Net: NetName=NetE1_2 Pin=E1-2
Added Pin To Net: NetName=NetE1_A Pin=E1-A
Added Pin To Net: NetName=NetE1_B Pin=E1-B
Added Pin To Net: NetName=GND Pin=E1-C
Added Pin To Net: NetName=VBUS Pin=F1-1
Added Pin To Net: NetName=NetC57_1 Pin=F1-2
Added Pin To Net: NetName=NetC57_1 Pin=FB1-1
Added Pin To Net: NetName=VSUP Pin=FB1-2
Added Pin To Net: NetName=NetC53_1 Pin=FB2-1
Added Pin To Net: NetName=VREF Pin=FB2-2
Added Pin To Net: NetName=VSUP Pin=FB3-1
Added Pin To Net: NetName=VSUPA Pin=FB3-2
Added Pin To Net: NetName=GND Pin=FB4-1
Added Pin To Net: NetName=AGND Pin=FB4-2
Added Pin To Net: NetName=NetC16_1 Pin=FB5-1
Added Pin To Net: NetName=+12V Pin=FB5-2
Added Pin To Net: NetName=NetC33_2 Pin=FB6-1
Added Pin To Net: NetName=-12V Pin=FB6-2
Added Pin To Net: NetName=3V3 Pin=FB7-1
Added Pin To Net: NetName=3V3A Pin=FB7-2
Added Pin To Net: NetName=+12V Pin=J1-1
Added Pin To Net: NetName=-12V Pin=J1-2
Added Pin To Net: NetName=VSUP Pin=J1-3
Added Pin To Net: NetName=GND Pin=J1-4
Added Pin To Net: NetName=GND Pin=J1-5
Added Pin To Net: NetName=GND Pin=J1-6
Added Pin To Net: NetName=GND Pin=J1-7
Added Pin To Net: NetName=GND Pin=J1-8
Added Pin To Net: NetName=NetJ1_9 Pin=J1-9
Added Pin To Net: NetName=NetJ1_10 Pin=J1-10
Added Pin To Net: NetName=NetJ1_11 Pin=J1-11
Added Pin To Net: NetName=NetJ1_12 Pin=J1-12
Added Pin To Net: NetName=NetJ1_13 Pin=J1-13
Added Pin To Net: NetName=NetJ1_14 Pin=J1-14
Added Pin To Net: NetName=NetJ1_15 Pin=J1-15
Added Pin To Net: NetName=NetJ1_16 Pin=J1-16
Added Pin To Net: NetName=IN4_N Pin=J1-17
Added Pin To Net: NetName=IN4_P Pin=J1-18
Added Pin To Net: NetName=IN3_N Pin=J1-19
Added Pin To Net: NetName=IN3_P Pin=J1-20
Added Pin To Net: NetName=IN2_N Pin=J1-21
Added Pin To Net: NetName=IN2_P Pin=J1-22
Added Pin To Net: NetName=IN1_N Pin=J1-23
Added Pin To Net: NetName=IN1_P Pin=J1-24
Added Pin To Net: NetName=AGND Pin=J1-25
Added Pin To Net: NetName=AGND Pin=J1-26
Added Pin To Net: NetName=AGND Pin=J1-27
Added Pin To Net: NetName=AGND Pin=J1-28
Added Pin To Net: NetName=AGND Pin=J1-29
Added Pin To Net: NetName=AGND Pin=J1-30
Added Pin To Net: NetName=AGND Pin=J1-31
Added Pin To Net: NetName=ANLG_OUT_1 Pin=J1-32
Added Pin To Net: NetName=AGND Pin=J1-33
Added Pin To Net: NetName=ANLG_OUT_2 Pin=J1-34
Added Pin To Net: NetName=VBUS Pin=J2-1
Added Pin To Net: NetName=D- Pin=J2-2
Added Pin To Net: NetName=D+ Pin=J2-3
Added Pin To Net: NetName=GND Pin=J2-5
Added Pin To Net: NetName=SHLD Pin=J2-6
Added Pin To Net: NetName=SHLD Pin=J2-6
Added Pin To Net: NetName=SHLD Pin=J2-7
Added Pin To Net: NetName=SHLD Pin=J2-7
Added Pin To Net: NetName=SHLD Pin=J2-7
Added Pin To Net: NetName=SHLD Pin=J2-7
Added Pin To Net: NetName=3V3 Pin=J3-1
Added Pin To Net: NetName=JTAG_TMS Pin=J3-2
Added Pin To Net: NetName=GND Pin=J3-3
Added Pin To Net: NetName=JTAG_TCK Pin=J3-4
Added Pin To Net: NetName=GND Pin=J3-5
Added Pin To Net: NetName=JTAG_TDO Pin=J3-6
Added Pin To Net: NetName=JTAG_TDI Pin=J3-8
Added Pin To Net: NetName=GND Pin=J3-9
Added Pin To Net: NetName=JTAG_RST Pin=J3-10
Added Pin To Net: NetName=VSUP Pin=L1-1
Added Pin To Net: NetName=NetC15_2 Pin=L1-2
Added Pin To Net: NetName=NetC15_1 Pin=L1-3
Added Pin To Net: NetName=-15V Pin=L1-4
Added Pin To Net: NetName=VSUP Pin=L2-1
Added Pin To Net: NetName=NetC15_2 Pin=L2-2
Added Pin To Net: NetName=NetC20_2 Pin=L2-3
Added Pin To Net: NetName=GND Pin=L2-4
Added Pin To Net: NetName=NetC23_1 Pin=L3-1
Added Pin To Net: NetName=+15V Pin=L3-2
Added Pin To Net: NetName=JTAG_TDO Pin=Q1-1
Added Pin To Net: NetName=GND Pin=Q1-2
Added Pin To Net: NetName=NetQ1_3 Pin=Q1-3
Added Pin To Net: NetName=NetR1_1 Pin=R1-1
Added Pin To Net: NetName=NetR1_2 Pin=R1-2
Added Pin To Net: NetName=IN2_P Pin=R2-1
Added Pin To Net: NetName=NetR1_1 Pin=R2-2
Added Pin To Net: NetName=NetR1_2 Pin=R3-1
Added Pin To Net: NetName=VREF/2 Pin=R3-2
Added Pin To Net: NetName=IN2_N Pin=R4-1
Added Pin To Net: NetName=NetR4_2 Pin=R4-2
Added Pin To Net: NetName=NetR5_1 Pin=R5-1
Added Pin To Net: NetName=NetR5_2 Pin=R5-2
Added Pin To Net: NetName=NetR4_2 Pin=R6-2
Added Pin To Net: NetName=IN4_P Pin=R7-1
Added Pin To Net: NetName=NetR5_1 Pin=R7-2
Added Pin To Net: NetName=NetR8_1_1 Pin=R8_1-1
Added Pin To Net: NetName=ANLG_OUT_1 Pin=R8_1-2
Added Pin To Net: NetName=NetR5_2 Pin=R9-1
Added Pin To Net: NetName=VREF/2 Pin=R9-2
Added Pin To Net: NetName=IN4_N Pin=R10-1
Added Pin To Net: NetName=NetR10_2 Pin=R10-2
Added Pin To Net: NetName=VREF/2 Pin=R11_1-1
Added Pin To Net: NetName=NetR8_1_1 Pin=R11_1-2
Added Pin To Net: NetName=NetR12_1 Pin=R12-1
Added Pin To Net: NetName=NetR12_2 Pin=R12-2
Added Pin To Net: NetName=NetR10_2 Pin=R13-2
Added Pin To Net: NetName=DAC_OUT_1 Pin=R14_1-1
Added Pin To Net: NetName=NetR14_1_2 Pin=R14_1-2
Added Pin To Net: NetName=IN1_P Pin=R15-1
Added Pin To Net: NetName=NetR12_1 Pin=R15-2
Added Pin To Net: NetName=NetR12_2 Pin=R16-1
Added Pin To Net: NetName=VREF/2 Pin=R16-2
Added Pin To Net: NetName=AGND Pin=R17_1-1
Added Pin To Net: NetName=NetR14_1_2 Pin=R17_1-2
Added Pin To Net: NetName=NetR18_1 Pin=R18-1
Added Pin To Net: NetName=NetR18_2 Pin=R18-2
Added Pin To Net: NetName=IN1_N Pin=R19-1
Added Pin To Net: NetName=NetR19_2 Pin=R19-2
Added Pin To Net: NetName=NetR19_2 Pin=R20-2
Added Pin To Net: NetName=IN3_P Pin=R21-1
Added Pin To Net: NetName=NetR18_1 Pin=R21-2
Added Pin To Net: NetName=NetR18_2 Pin=R22-1
Added Pin To Net: NetName=VREF/2 Pin=R22-2
Added Pin To Net: NetName=NetR23_1 Pin=R23-1
Added Pin To Net: NetName=+15V Pin=R23-2
Added Pin To Net: NetName=IN3_N Pin=R24-1
Added Pin To Net: NetName=NetR24_2 Pin=R24-2
Added Pin To Net: NetName=NetR23_1 Pin=R25-1
Added Pin To Net: NetName=GND Pin=R25-2
Added Pin To Net: NetName=NetR24_2 Pin=R26-2
Added Pin To Net: NetName=GND Pin=R27-1
Added Pin To Net: NetName=NetC31_1 Pin=R27-2
Added Pin To Net: NetName=NetR28_1 Pin=R28-1
Added Pin To Net: NetName=VREF/2 Pin=R28-2
Added Pin To Net: NetName=NetC9_1 Pin=R30-1
Added Pin To Net: NetName=VREF Pin=R30-2
Added Pin To Net: NetName=GND Pin=R31-1
Added Pin To Net: NetName=NetC9_1 Pin=R31-2
Added Pin To Net: NetName=PIO0 Pin=R32-1
Added Pin To Net: NetName=NetJ1_9 Pin=R32-2
Added Pin To Net: NetName=NetJ1_10 Pin=R33-1
Added Pin To Net: NetName=PIO1 Pin=R33-2
Added Pin To Net: NetName=PIO2 Pin=R34-1
Added Pin To Net: NetName=NetJ1_11 Pin=R34-2
Added Pin To Net: NetName=NetJ1_12 Pin=R35-1
Added Pin To Net: NetName=PIO3 Pin=R35-2
Added Pin To Net: NetName=PIO4 Pin=R36-1
Added Pin To Net: NetName=NetJ1_13 Pin=R36-2
Added Pin To Net: NetName=NetJ1_14 Pin=R37-1
Added Pin To Net: NetName=PIO5 Pin=R37-2
Added Pin To Net: NetName=PIO6 Pin=R38-1
Added Pin To Net: NetName=NetJ1_15 Pin=R38-2
Added Pin To Net: NetName=NetJ1_16 Pin=R39-1
Added Pin To Net: NetName=PIO7 Pin=R39-2
Added Pin To Net: NetName=D- Pin=R40-1
Added Pin To Net: NetName=USB_N Pin=R40-2
Added Pin To Net: NetName=D+ Pin=R41-1
Added Pin To Net: NetName=USB_P Pin=R41-2
Added Pin To Net: NetName=GND Pin=R42-1
Added Pin To Net: NetName=SHLD Pin=R42-2
Added Pin To Net: NetName=SDA Pin=R46-1
Added Pin To Net: NetName=3V3 Pin=R46-2
Added Pin To Net: NetName=SCL Pin=R47-1
Added Pin To Net: NetName=3V3 Pin=R47-2
Added Pin To Net: NetName=ENC_A Pin=R48-1
Added Pin To Net: NetName=NetE1_A Pin=R48-2
Added Pin To Net: NetName=NetE1_1 Pin=R49-1
Added Pin To Net: NetName=BTN Pin=R49-2
Added Pin To Net: NetName=ENC_B Pin=R50-1
Added Pin To Net: NetName=NetE1_B Pin=R50-2
Added Pin To Net: NetName=NetE1_2 Pin=R51-1
Added Pin To Net: NetName=GND Pin=R51-2
Added Pin To Net: NetName=GND Pin=R52-1
Added Pin To Net: NetName=NetC56_1 Pin=R52-2
Added Pin To Net: NetName=NetQ1_3 Pin=R53-1
Added Pin To Net: NetName=NetD3_1 Pin=R53-2
Added Pin To Net: NetName=GND Pin=R54-1
Added Pin To Net: NetName=JTAG_TDO Pin=R54-2
Added Pin To Net: NetName=VREF/2 Pin=TP1-1
Added Pin To Net: NetName=VREF/2 Pin=TP2-1
Added Pin To Net: NetName=ANLG_OUT_1 Pin=TP3_1-1
Added Pin To Net: NetName=VREF/2 Pin=TP4-1
Added Pin To Net: NetName=VREF/2 Pin=TP5-1
Added Pin To Net: NetName=VREF/2 Pin=TP7-1
Added Pin To Net: NetName=VREF Pin=TP8-1
Added Pin To Net: NetName=+12V Pin=TP9-1
Added Pin To Net: NetName=VSUP Pin=TP10-1
Added Pin To Net: NetName=3V3 Pin=TP11-1
Added Pin To Net: NetName=-12V Pin=TP12-1
Added Pin To Net: NetName=3V3W Pin=TP13-1
Added Pin To Net: NetName=GND Pin=TP14-1
Added Pin To Net: NetName=NetR5_2 Pin=U1-1
Added Pin To Net: NetName=NetR5_1 Pin=U1-2
Added Pin To Net: NetName=NetR10_2 Pin=U1-3
Added Pin To Net: NetName=VSUPA Pin=U1-4
Added Pin To Net: NetName=NetR24_2 Pin=U1-5
Added Pin To Net: NetName=NetR18_1 Pin=U1-6
Added Pin To Net: NetName=NetR18_2 Pin=U1-7
Added Pin To Net: NetName=NetR1_2 Pin=U1-8
Added Pin To Net: NetName=NetR1_1 Pin=U1-9
Added Pin To Net: NetName=NetR4_2 Pin=U1-10
Added Pin To Net: NetName=AGND Pin=U1-11
Added Pin To Net: NetName=NetR19_2 Pin=U1-12
Added Pin To Net: NetName=NetR12_1 Pin=U1-13
Added Pin To Net: NetName=NetR12_2 Pin=U1-14
Added Pin To Net: NetName=ANLG_OUT_1 Pin=U2_1-1
Added Pin To Net: NetName=-12V Pin=U2_1-2
Added Pin To Net: NetName=NetR8_1_1 Pin=U2_1-3
Added Pin To Net: NetName=NetR14_1_2 Pin=U2_1-4
Added Pin To Net: NetName=+12V Pin=U2_1-5
Added Pin To Net: NetName=VREF/2 Pin=U3-1
Added Pin To Net: NetName=GND Pin=U3-2
Added Pin To Net: NetName=NetC9_1 Pin=U3-3
Added Pin To Net: NetName=NetR28_1 Pin=U3-4
Added Pin To Net: NetName=3V3A Pin=U3-5
Added Pin To Net: NetName=3V3A Pin=U4-1
Added Pin To Net: NetName=GND Pin=U4-2
Added Pin To Net: NetName=GND Pin=U4-3
Added Pin To Net: NetName=VREF Pin=U4-6
Added Pin To Net: NetName=VREF Pin=U4-7
Added Pin To Net: NetName=3V3A Pin=U4-8
Added Pin To Net: NetName=SHLD Pin=U5-2
Added Pin To Net: NetName=USB_N Pin=U5-4
Added Pin To Net: NetName=USB_P Pin=U5-6
Added Pin To Net: NetName=PIO0 Pin=U6-1
Added Pin To Net: NetName=GND Pin=U6-2
Added Pin To Net: NetName=PIO1 Pin=U6-3
Added Pin To Net: NetName=PIO2 Pin=U6-4
Added Pin To Net: NetName=PIO3 Pin=U6-6
Added Pin To Net: NetName=PIO4 Pin=U7-1
Added Pin To Net: NetName=GND Pin=U7-2
Added Pin To Net: NetName=PIO5 Pin=U7-3
Added Pin To Net: NetName=PIO6 Pin=U7-4
Added Pin To Net: NetName=PIO7 Pin=U7-6
Added Pin To Net: NetName=NetC16_1 Pin=U8-1
Added Pin To Net: NetName=GND Pin=U8-2
Added Pin To Net: NetName=GND Pin=U8-3
Added Pin To Net: NetName=GND Pin=U8-6
Added Pin To Net: NetName=GND Pin=U8-7
Added Pin To Net: NetName=+15V Pin=U8-8
Added Pin To Net: NetName=VSUP Pin=U9-1
Added Pin To Net: NetName=GND Pin=U9-2
Added Pin To Net: NetName=VSUP Pin=U9-3
Added Pin To Net: NetName=3V3 Pin=U9-5
Added Pin To Net: NetName=NetC30_2 Pin=U10-1
Added Pin To Net: NetName=NetR23_1 Pin=U10-2
Added Pin To Net: NetName=APS_EN Pin=U10-3
Added Pin To Net: NetName=GND Pin=U10-4
Added Pin To Net: NetName=NetC15_2 Pin=U10-5
Added Pin To Net: NetName=VSUP Pin=U10-6
Added Pin To Net: NetName=NetC29_1 Pin=U10-8
Added Pin To Net: NetName=NetC33_2 Pin=U11-1
Added Pin To Net: NetName=-15V Pin=U11-2
Added Pin To Net: NetName=-15V Pin=U11-3
Added Pin To Net: NetName=GND Pin=U11-5
Added Pin To Net: NetName=-15V Pin=U11-6
Added Pin To Net: NetName=-15V Pin=U11-7
Added Pin To Net: NetName=NetC53_1 Pin=U12-1
Added Pin To Net: NetName=GND Pin=U12-2
Added Pin To Net: NetName=VREF/2 Pin=U12-4
Added Pin To Net: NetName=VREF/2 Pin=U12-6
Added Pin To Net: NetName=3V3A Pin=U12-7
Added Pin To Net: NetName=NetC44_1 Pin=U12-8
Added Pin To Net: NetName=VREF/2 Pin=U12-10
Added Pin To Net: NetName=NetC44_1 Pin=U12-12
Added Pin To Net: NetName=WIFI_EN Pin=U12-15
Added Pin To Net: NetName=VREF/2 Pin=U12-16
Added Pin To Net: NetName=GND Pin=U12-17
Added Pin To Net: NetName=3V3 Pin=U12-18
Added Pin To Net: NetName=PIO7 Pin=U12-19
Added Pin To Net: NetName=PIO6 Pin=U12-20
Added Pin To Net: NetName=PIO5 Pin=U12-21
Added Pin To Net: NetName=PIO4 Pin=U12-22
Added Pin To Net: NetName=ENC_A Pin=U12-23
Added Pin To Net: NetName=NetC44_1 Pin=U12-24
Added Pin To Net: NetName=ENC_B Pin=U12-25
Added Pin To Net: NetName=PIO3 Pin=U12-27
Added Pin To Net: NetName=PIO2 Pin=U12-28
Added Pin To Net: NetName=PIO1 Pin=U12-29
Added Pin To Net: NetName=PIO0 Pin=U12-30
Added Pin To Net: NetName=32KHZ_2 Pin=U12-31
Added Pin To Net: NetName=32KHZ_1 Pin=U12-32
Added Pin To Net: NetName=JTAG_TDI Pin=U12-33
Added Pin To Net: NetName=UART_0_TX Pin=U12-34
Added Pin To Net: NetName=UART_0_RX Pin=U12-35
Added Pin To Net: NetName=SCL Pin=U12-36
Added Pin To Net: NetName=JTAG_RST Pin=U12-39
Added Pin To Net: NetName=SDA Pin=U12-43
Added Pin To Net: NetName=BTN Pin=U12-44
Added Pin To Net: NetName=3V3 Pin=U12-45
Added Pin To Net: NetName=GND Pin=U12-46
Added Pin To Net: NetName=APS_EN Pin=U12-47
Added Pin To Net: NetName=JTAG_TDO Pin=U12-49
Added Pin To Net: NetName=JTAG_TMS Pin=U12-51
Added Pin To Net: NetName=JTAG_TCK Pin=U12-53
Added Pin To Net: NetName=NetC44_1 Pin=U12-54
Added Pin To Net: NetName=USB_N Pin=U12-56
Added Pin To Net: NetName=USB_P Pin=U12-57
Added Pin To Net: NetName=3V3 Pin=U12-58
Added Pin To Net: NetName=DAC_OUT_2 Pin=U12-59
Added Pin To Net: NetName=GND Pin=U12-60
Added Pin To Net: NetName=NetC50_1 Pin=U12-61
Added Pin To Net: NetName=NetC49_1 Pin=U12-62
Added Pin To Net: NetName=DAC_OUT_1 Pin=U12-63
Added Pin To Net: NetName=NetC44_1 Pin=U12-64
Added Pin To Net: NetName=VSUP Pin=U13-1
Added Pin To Net: NetName=GND Pin=U13-2
Added Pin To Net: NetName=WIFI_EN Pin=U13-3
Added Pin To Net: NetName=3V3W Pin=U13-5
Added Pin To Net: NetName=3V3 Pin=U14-1
Added Pin To Net: NetName=GND Pin=U14-2
Added Pin To Net: NetName=SCL Pin=U14-3
Added Pin To Net: NetName=SDA Pin=U14-4
Added Pin To Net: NetName=GND Pin=U15-1
Added Pin To Net: NetName=UART_0_TX Pin=U15-2
Added Pin To Net: NetName=3V3W Pin=U15-4
Added Pin To Net: NetName=NetC56_1 Pin=U15-6
Added Pin To Net: NetName=UART_0_RX Pin=U15-7
Added Pin To Net: NetName=3V3W Pin=U15-8
Added Pin To Net: NetName=32KHZ_2 Pin=Y1-1
Added Pin To Net: NetName=32KHZ_1 Pin=Y1-2
Added Pin To Net: NetName=NetC49_1 Pin=Y2-1
Added Pin To Net: NetName=NetC50_1 Pin=Y2-2
Added Pin To Net: NetName=AD_DIFF_SIGS.DIFF_PAIR_1.IN_N Pin=R20-1
Added Pin To Net: NetName=AD_DIFF_SIGS.DIFF_PAIR_1.IN_N Pin=U12-13
Added Net: Name=AD_DIFF_SIGS.DIFF_PAIR_1.IN_N
Added Pin To Net: NetName=AD_DIFF_SIGS.DIFF_PAIR_2.IN_N Pin=R6-1
Added Pin To Net: NetName=AD_DIFF_SIGS.DIFF_PAIR_2.IN_N Pin=U12-9
Added Net: Name=AD_DIFF_SIGS.DIFF_PAIR_2.IN_N
Added Pin To Net: NetName=AD_DIFF_SIGS.DIFF_PAIR_3.IN_N Pin=R26-1
Added Pin To Net: NetName=AD_DIFF_SIGS.DIFF_PAIR_3.IN_N Pin=U12-5
Added Net: Name=AD_DIFF_SIGS.DIFF_PAIR_3.IN_N
Added Pin To Net: NetName=AD_DIFF_SIGS.DIFF_PAIR_4.IN_N Pin=R13-1
Added Pin To Net: NetName=AD_DIFF_SIGS.DIFF_PAIR_4.IN_N Pin=U12-3
Added Net: Name=AD_DIFF_SIGS.DIFF_PAIR_4.IN_N
Added Member To Class: ClassName=U_IN_AMP Member=Component C1 comment
Added Member To Class: ClassName=U_OUT_AMP1 Member=Component C2_1 (C2) comment
Added Member To Class: ClassName=U_OUT_AMP1 Member=Component C3_1 (C3) comment
Added Member To Class: ClassName=U_IN_AMP Member=Component C4 comment
Added Member To Class: ClassName=U_IN_AMP Member=Component C5 comment
Added Member To Class: ClassName=U_IN_AMP Member=Component C6 comment
Added Member To Class: ClassName=U_IN_AMP Member=Component C7 comment
Added Member To Class: ClassName=U_VREF Member=Component C8 comment
Added Member To Class: ClassName=U_VREF Member=Component C9 comment
Added Member To Class: ClassName=U_VREF Member=Component C10 comment
Added Member To Class: ClassName=U_VREF Member=Component C11 comment
Added Member To Class: ClassName=U_VREF Member=Component C12 comment
Added Member To Class: ClassName=U_USB Member=Component C13 comment
Added Member To Class: ClassName=U_Power_supply Member=Component C14 comment
Added Member To Class: ClassName=U_Power_supply Member=Component C15 comment
Added Member To Class: ClassName=U_Power_supply Member=Component C16 comment
Added Member To Class: ClassName=U_Power_supply Member=Component C17 comment
Added Member To Class: ClassName=U_Power_supply Member=Component C18 comment
Added Member To Class: ClassName=U_Power_supply Member=Component C19 comment
Added Member To Class: ClassName=U_Power_supply Member=Component C20 comment
Added Member To Class: ClassName=U_USB Member=Component C21 comment
Added Member To Class: ClassName=U_Power_supply Member=Component C22 comment
Added Member To Class: ClassName=U_Power_supply Member=Component C23 comment
Added Member To Class: ClassName=U_Power_supply Member=Component C24 comment
Added Member To Class: ClassName=U_Power_supply Member=Component C25 comment
Added Member To Class: ClassName=U_Power_supply Member=Component C26 comment
Added Member To Class: ClassName=U_Power_supply Member=Component C27 comment
Added Member To Class: ClassName=U_Power_supply Member=Component C28 comment
Added Member To Class: ClassName=U_Power_supply Member=Component C29 comment
Added Member To Class: ClassName=U_Power_supply Member=Component C30 comment
Added Member To Class: ClassName=U_Power_supply Member=Component C31 comment
Added Member To Class: ClassName=U_Power_supply Member=Component C32 comment
Added Member To Class: ClassName=U_Power_supply Member=Component C33 comment
Added Member To Class: ClassName=U_Power_supply Member=Component C34 comment
Added Member To Class: ClassName=U_uC Member=Component C35 comment
Added Member To Class: ClassName=U_uC Member=Component C36 comment
Added Member To Class: ClassName=U_uC Member=Component C37 comment
Added Member To Class: ClassName=U_uC Member=Component C38 comment
Added Member To Class: ClassName=U_Power_supply Member=Component C39 comment
Added Member To Class: ClassName=U_Power_supply Member=Component C40 comment
Added Member To Class: ClassName=U_Power_supply Member=Component C41 comment
Added Member To Class: ClassName=U_uC Member=Component C42 comment
Added Member To Class: ClassName=U_uC Member=Component C43 comment
Added Member To Class: ClassName=U_uC Member=Component C44 comment
Added Member To Class: ClassName=U_uC Member=Component C45 comment
Added Member To Class: ClassName=U_uC Member=Component C46 comment
Added Member To Class: ClassName=U_uC Member=Component C47 comment
Added Member To Class: ClassName=U_uC Member=Component C48 comment
Added Member To Class: ClassName=U_uC Member=Component C49 comment
Added Member To Class: ClassName=U_uC Member=Component C50 comment
Added Member To Class: ClassName=U_uC Member=Component C51 comment
Added Member To Class: ClassName=U_uC Member=Component C52 comment
Added Member To Class: ClassName=U_uC Member=Component C53 comment
Added Member To Class: ClassName=U_INTFC Member=Component C54 comment
Added Member To Class: ClassName=U_INTFC Member=Component C55 comment
Added Member To Class: ClassName=U_INTFC Member=Component C56 comment
Added Member To Class: ClassName=U_USB Member=Component C57 comment
Added Member To Class: ClassName=U_Power_supply Member=Component D1 PMEG2020
Added Member To Class: ClassName=U_Power_supply Member=Component D2 PMEG2020
Added Member To Class: ClassName=U_INTFC Member=Component D3 LED Green
Added Member To Class: ClassName=U_INTFC Member=Component E1 PEC11L-4220F-S0015
Added Member To Class: ClassName=U_USB Member=Component F1 250mA
Added Member To Class: ClassName=U_USB Member=Component FB1 120? @ 100MHz
Added Member To Class: ClassName=U_uC Member=Component FB2 120? @ 100MHz
Added Member To Class: ClassName=U_uC Member=Component FB3 120? @ 100MHz
Added Member To Class: ClassName=U_uC Member=Component FB4 120? @ 100MHz
Added Member To Class: ClassName=U_Power_supply Member=Component FB5 120? @ 100MHz
Added Member To Class: ClassName=U_Power_supply Member=Component FB6 120? @ 100MHz
Added Member To Class: ClassName=U_Power_supply Member=Component FB7 120? @ 100MHz
Added Member To Class: ClassName=DAQ_REV_B Member=Component FD1 Fiducial 1mm
Added Member To Class: ClassName=DAQ_REV_B Member=Component FD2 Fiducial 1mm
Added Member To Class: ClassName=DAQ_REV_B Member=Component FD3 Fiducial 1mm
Added Member To Class: ClassName=U_DAQ_IO Member=Component J1 2X17
Added Member To Class: ClassName=U_USB Member=Component J2 micro USB B
Added Member To Class: ClassName=U_uC Member=Component J3 M50-3600542
Added Member To Class: ClassName=U_Power_supply Member=Component L1 LPD3015-153
Added Member To Class: ClassName=U_Power_supply Member=Component L2 LPD3015-153
Added Member To Class: ClassName=U_Power_supply Member=Component L3 10u
Added Member To Class: ClassName=U_INTFC Member=Component Q1 2N7002
Added Member To Class: ClassName=U_IN_AMP Member=Component R1 comment
Added Member To Class: ClassName=U_IN_AMP Member=Component R2 comment
Added Member To Class: ClassName=U_IN_AMP Member=Component R3 comment
Added Member To Class: ClassName=U_IN_AMP Member=Component R4 comment
Added Member To Class: ClassName=U_IN_AMP Member=Component R5 comment
Added Member To Class: ClassName=U_IN_AMP Member=Component R6 comment
Added Member To Class: ClassName=U_IN_AMP Member=Component R7 comment
Added Member To Class: ClassName=U_OUT_AMP1 Member=Component R8_1 (R8) comment
Added Member To Class: ClassName=U_IN_AMP Member=Component R9 comment
Added Member To Class: ClassName=U_IN_AMP Member=Component R10 comment
Added Member To Class: ClassName=U_OUT_AMP1 Member=Component R11_1 (R11) comment
Added Member To Class: ClassName=U_IN_AMP Member=Component R12 comment
Added Member To Class: ClassName=U_IN_AMP Member=Component R13 comment
Added Member To Class: ClassName=U_OUT_AMP1 Member=Component R14_1 (R14) comment
Added Member To Class: ClassName=U_IN_AMP Member=Component R15 comment
Added Member To Class: ClassName=U_IN_AMP Member=Component R16 comment
Added Member To Class: ClassName=U_OUT_AMP1 Member=Component R17_1 (R17) comment
Added Member To Class: ClassName=U_IN_AMP Member=Component R18 comment
Added Member To Class: ClassName=U_IN_AMP Member=Component R19 comment
Added Member To Class: ClassName=U_IN_AMP Member=Component R20 comment
Added Member To Class: ClassName=U_IN_AMP Member=Component R21 comment
Added Member To Class: ClassName=U_IN_AMP Member=Component R22 comment
Added Member To Class: ClassName=U_Power_supply Member=Component R23 comment
Added Member To Class: ClassName=U_IN_AMP Member=Component R24 comment
Added Member To Class: ClassName=U_Power_supply Member=Component R25 comment
Added Member To Class: ClassName=U_IN_AMP Member=Component R26 comment
Added Member To Class: ClassName=U_Power_supply Member=Component R27 comment
Added Member To Class: ClassName=U_VREF Member=Component R28 comment
Added Member To Class: ClassName=U_VREF Member=Component R30 comment
Added Member To Class: ClassName=U_VREF Member=Component R31 comment
Added Member To Class: ClassName=U_DAQ_IO Member=Component R32 comment
Added Member To Class: ClassName=U_DAQ_IO Member=Component R33 comment
Added Member To Class: ClassName=U_DAQ_IO Member=Component R34 comment
Added Member To Class: ClassName=U_DAQ_IO Member=Component R35 comment
Added Member To Class: ClassName=U_DAQ_IO Member=Component R36 comment
Added Member To Class: ClassName=U_DAQ_IO Member=Component R37 comment
Added Member To Class: ClassName=U_DAQ_IO Member=Component R38 comment
Added Member To Class: ClassName=U_DAQ_IO Member=Component R39 comment
Added Member To Class: ClassName=U_USB Member=Component R40 comment
Added Member To Class: ClassName=U_USB Member=Component R41 comment
Added Member To Class: ClassName=U_USB Member=Component R42 comment
Added Member To Class: ClassName=U_uC Member=Component R46 comment
Added Member To Class: ClassName=U_uC Member=Component R47 comment
Added Member To Class: ClassName=U_INTFC Member=Component R48 comment
Added Member To Class: ClassName=U_INTFC Member=Component R49 comment
Added Member To Class: ClassName=U_INTFC Member=Component R50 comment
Added Member To Class: ClassName=U_INTFC Member=Component R51 comment
Added Member To Class: ClassName=U_INTFC Member=Component R52 comment
Added Member To Class: ClassName=U_INTFC Member=Component R53 comment
Added Member To Class: ClassName=U_INTFC Member=Component R54 comment
Added Member To Class: ClassName=U_IN_AMP Member=Component TP1 test point 1.5mm
Added Member To Class: ClassName=U_IN_AMP Member=Component TP2 test point 1.5mm
Added Member To Class: ClassName=U_OUT_AMP1 Member=Component TP3_1 (TP3) test point 1.5mm
Added Member To Class: ClassName=U_IN_AMP Member=Component TP4 test point 1.5mm
Added Member To Class: ClassName=U_IN_AMP Member=Component TP5 test point 1.5mm
Added Member To Class: ClassName=U_VREF Member=Component TP7 test point 1.5mm
Added Member To Class: ClassName=U_VREF Member=Component TP8 test point 1.5mm
Added Member To Class: ClassName=U_Power_supply Member=Component TP9 testpoint
Added Member To Class: ClassName=U_USB Member=Component TP10 test point 1.5mm
Added Member To Class: ClassName=U_Power_supply Member=Component TP11 testpoint
Added Member To Class: ClassName=U_Power_supply Member=Component TP12 testpoint
Added Member To Class: ClassName=U_Power_supply Member=Component TP13 testpoint
Added Member To Class: ClassName=U_uC Member=Component TP14 test point 1.5mm
Added Member To Class: ClassName=U_IN_AMP Member=Component U1 OPA4348
Added Member To Class: ClassName=U_OUT_AMP1 Member=Component U2_1 (U2A) ADA4000-1
Added Member To Class: ClassName=U_VREF Member=Component U3 TLV2471
Added Member To Class: ClassName=U_VREF Member=Component U4 ADR3525WA
Added Member To Class: ClassName=U_USB Member=Component U5 PUSB2X4Y
Added Member To Class: ClassName=U_DAQ_IO Member=Component U6 PUSB2X4Y
Added Member To Class: ClassName=U_DAQ_IO Member=Component U7 PUSB2X4Y
Added Member To Class: ClassName=U_Power_supply Member=Component U8 MC78L12ACDG
Added Member To Class: ClassName=U_Power_supply Member=Component U9 TPS70933
Added Member To Class: ClassName=U_Power_supply Member=Component U10 ADP1613
Added Member To Class: ClassName=U_Power_supply Member=Component U11 MC79L12ACDG
Added Member To Class: ClassName=U_uC Member=Component U12 ATSAM3S4B
Added Member To Class: ClassName=U_Power_supply Member=Component U13 TPS73633
Added Member To Class: ClassName=U_INTFC Member=Component U14 SSD1306
Added Member To Class: ClassName=U_INTFC Member=Component U15 ESP-01
Added Member To Class: ClassName=U_uC Member=Component Y1 32.768khz
Added Member To Class: ClassName=U_uC Member=Component Y2 16MHz
