Replace Part C35 Capacitor in C:\Users\Urban\Documents\Faks\Konstruiranje elektronskih naprav\Laboratorijske vaje\vaja4\Microcontroller.SchDoc with Capacitor from DAQ.SchLib
Replace Part C36 Capacitor in C:\Users\Urban\Documents\Faks\Konstruiranje elektronskih naprav\Laboratorijske vaje\vaja4\Microcontroller.SchDoc with Capacitor from DAQ.SchLib
Replace Part C37 Capacitor in C:\Users\Urban\Documents\Faks\Konstruiranje elektronskih naprav\Laboratorijske vaje\vaja4\Microcontroller.SchDoc with Capacitor from DAQ.SchLib
Replace Part C38 Capacitor in C:\Users\Urban\Documents\Faks\Konstruiranje elektronskih naprav\Laboratorijske vaje\vaja4\Microcontroller.SchDoc with Capacitor from DAQ.SchLib
Replace Part C42 Capacitor in C:\Users\Urban\Documents\Faks\Konstruiranje elektronskih naprav\Laboratorijske vaje\vaja4\Microcontroller.SchDoc with Capacitor from DAQ.SchLib
Replace Part C43 Capacitor in C:\Users\Urban\Documents\Faks\Konstruiranje elektronskih naprav\Laboratorijske vaje\vaja4\Microcontroller.SchDoc with Capacitor from DAQ.SchLib
Replace Part C44 Capacitor in C:\Users\Urban\Documents\Faks\Konstruiranje elektronskih naprav\Laboratorijske vaje\vaja4\Microcontroller.SchDoc with Capacitor from DAQ.SchLib
Replace Part C45 Capacitor in C:\Users\Urban\Documents\Faks\Konstruiranje elektronskih naprav\Laboratorijske vaje\vaja4\Microcontroller.SchDoc with Capacitor from DAQ.SchLib
Replace Part C46 Capacitor in C:\Users\Urban\Documents\Faks\Konstruiranje elektronskih naprav\Laboratorijske vaje\vaja4\Microcontroller.SchDoc with Capacitor from DAQ.SchLib
Replace Part C47 Capacitor in C:\Users\Urban\Documents\Faks\Konstruiranje elektronskih naprav\Laboratorijske vaje\vaja4\Microcontroller.SchDoc with Capacitor from DAQ.SchLib
Replace Part C48 Capacitor in C:\Users\Urban\Documents\Faks\Konstruiranje elektronskih naprav\Laboratorijske vaje\vaja4\Microcontroller.SchDoc with Capacitor from DAQ.SchLib
Replace Part C49 Capacitor in C:\Users\Urban\Documents\Faks\Konstruiranje elektronskih naprav\Laboratorijske vaje\vaja4\Microcontroller.SchDoc with Capacitor from DAQ.SchLib
Replace Part C50 Capacitor in C:\Users\Urban\Documents\Faks\Konstruiranje elektronskih naprav\Laboratorijske vaje\vaja4\Microcontroller.SchDoc with Capacitor from DAQ.SchLib
Replace Part C51 Capacitor in C:\Users\Urban\Documents\Faks\Konstruiranje elektronskih naprav\Laboratorijske vaje\vaja4\Microcontroller.SchDoc with Capacitor from DAQ.SchLib
Replace Part C52 Capacitor in C:\Users\Urban\Documents\Faks\Konstruiranje elektronskih naprav\Laboratorijske vaje\vaja4\Microcontroller.SchDoc with Capacitor from DAQ.SchLib
Replace Part C53 Capacitor in C:\Users\Urban\Documents\Faks\Konstruiranje elektronskih naprav\Laboratorijske vaje\vaja4\Microcontroller.SchDoc with Capacitor from DAQ.SchLib
Replace Part FB2 BLM21AG121SN1D in C:\Users\Urban\Documents\Faks\Konstruiranje elektronskih naprav\Laboratorijske vaje\vaja4\Microcontroller.SchDoc with BLM21AG121SN1D from DAQ.SchLib
Replace Part FB3 BLM21AG121SN1D in C:\Users\Urban\Documents\Faks\Konstruiranje elektronskih naprav\Laboratorijske vaje\vaja4\Microcontroller.SchDoc with BLM21AG121SN1D from DAQ.SchLib
Replace Part FB4 BLM21AG121SN1D in C:\Users\Urban\Documents\Faks\Konstruiranje elektronskih naprav\Laboratorijske vaje\vaja4\Microcontroller.SchDoc with BLM21AG121SN1D from DAQ.SchLib
Replace Part J3 M50-3600542 in C:\Users\Urban\Documents\Faks\Konstruiranje elektronskih naprav\Laboratorijske vaje\vaja4\Microcontroller.SchDoc with M50-3600542 from DAQ.SchLib
Replace Part R46 Resistor in C:\Users\Urban\Documents\Faks\Konstruiranje elektronskih naprav\Laboratorijske vaje\vaja4\Microcontroller.SchDoc with Resistor from DAQ.SchLib
Replace Part R47 Resistor in C:\Users\Urban\Documents\Faks\Konstruiranje elektronskih naprav\Laboratorijske vaje\vaja4\Microcontroller.SchDoc with Resistor from DAQ.SchLib
Replace Part TP14 Test Point in C:\Users\Urban\Documents\Faks\Konstruiranje elektronskih naprav\Laboratorijske vaje\vaja4\Microcontroller.SchDoc with Test Point from DAQ.SchLib
Replace Part U12 ATSAM3SXB in C:\Users\Urban\Documents\Faks\Konstruiranje elektronskih naprav\Laboratorijske vaje\vaja4\Microcontroller.SchDoc with ATSAM3SXB from DAQ.SchLib
Replace Part U12 ATSAM3SXB in C:\Users\Urban\Documents\Faks\Konstruiranje elektronskih naprav\Laboratorijske vaje\vaja4\Microcontroller.SchDoc with ATSAM3SXB from DAQ.SchLib
Replace Part Y1 R26-32.768- 12.5 in C:\Users\Urban\Documents\Faks\Konstruiranje elektronskih naprav\Laboratorijske vaje\vaja4\Microcontroller.SchDoc with R26-32.768- 12.5 from DAQ.SchLib
Replace Part Y2 7A-16.000MAAJ-T in C:\Users\Urban\Documents\Faks\Konstruiranje elektronskih naprav\Laboratorijske vaje\vaja4\Microcontroller.SchDoc with 7A-16.000MAAJ-T from DAQ.SchLib
