Replace Part C14 Capacitor in C:\Users\Urban\Documents\Faks\Konstruiranje elektronskih naprav\Laboratorijske vaje\vaja4\Power_supply.SchDoc with Capacitor from DAQ.SchLib
Replace Part C15 Capacitor in C:\Users\Urban\Documents\Faks\Konstruiranje elektronskih naprav\Laboratorijske vaje\vaja4\Power_supply.SchDoc with Capacitor from DAQ.SchLib
Replace Part C16 Capacitor - polarized in C:\Users\Urban\Documents\Faks\Konstruiranje elektronskih naprav\Laboratorijske vaje\vaja4\Power_supply.SchDoc with Capacitor - polarized from DAQ.SchLib
Replace Part C17 Capacitor in C:\Users\Urban\Documents\Faks\Konstruiranje elektronskih naprav\Laboratorijske vaje\vaja4\Power_supply.SchDoc with Capacitor from DAQ.SchLib
Replace Part C18 Capacitor - polarized in C:\Users\Urban\Documents\Faks\Konstruiranje elektronskih naprav\Laboratorijske vaje\vaja4\Power_supply.SchDoc with Capacitor - polarized from DAQ.SchLib
Replace Part C19 Capacitor in C:\Users\Urban\Documents\Faks\Konstruiranje elektronskih naprav\Laboratorijske vaje\vaja4\Power_supply.SchDoc with Capacitor from DAQ.SchLib
Replace Part C20 Capacitor in C:\Users\Urban\Documents\Faks\Konstruiranje elektronskih naprav\Laboratorijske vaje\vaja4\Power_supply.SchDoc with Capacitor from DAQ.SchLib
Replace Part C22 Capacitor - polarized in C:\Users\Urban\Documents\Faks\Konstruiranje elektronskih naprav\Laboratorijske vaje\vaja4\Power_supply.SchDoc with Capacitor - polarized from DAQ.SchLib
Replace Part C23 Capacitor in C:\Users\Urban\Documents\Faks\Konstruiranje elektronskih naprav\Laboratorijske vaje\vaja4\Power_supply.SchDoc with Capacitor from DAQ.SchLib
Replace Part C24 Capacitor - polarized in C:\Users\Urban\Documents\Faks\Konstruiranje elektronskih naprav\Laboratorijske vaje\vaja4\Power_supply.SchDoc with Capacitor - polarized from DAQ.SchLib
Replace Part C25 Capacitor in C:\Users\Urban\Documents\Faks\Konstruiranje elektronskih naprav\Laboratorijske vaje\vaja4\Power_supply.SchDoc with Capacitor from DAQ.SchLib
Replace Part C26 Capacitor in C:\Users\Urban\Documents\Faks\Konstruiranje elektronskih naprav\Laboratorijske vaje\vaja4\Power_supply.SchDoc with Capacitor from DAQ.SchLib
Replace Part C27 Capacitor - polarized in C:\Users\Urban\Documents\Faks\Konstruiranje elektronskih naprav\Laboratorijske vaje\vaja4\Power_supply.SchDoc with Capacitor - polarized from DAQ.SchLib
Replace Part C28 Capacitor in C:\Users\Urban\Documents\Faks\Konstruiranje elektronskih naprav\Laboratorijske vaje\vaja4\Power_supply.SchDoc with Capacitor from DAQ.SchLib
Replace Part C29 Capacitor in C:\Users\Urban\Documents\Faks\Konstruiranje elektronskih naprav\Laboratorijske vaje\vaja4\Power_supply.SchDoc with Capacitor from DAQ.SchLib
Replace Part C30 Capacitor in C:\Users\Urban\Documents\Faks\Konstruiranje elektronskih naprav\Laboratorijske vaje\vaja4\Power_supply.SchDoc with Capacitor from DAQ.SchLib
Replace Part C31 Capacitor in C:\Users\Urban\Documents\Faks\Konstruiranje elektronskih naprav\Laboratorijske vaje\vaja4\Power_supply.SchDoc with Capacitor from DAQ.SchLib
Replace Part C32 Capacitor in C:\Users\Urban\Documents\Faks\Konstruiranje elektronskih naprav\Laboratorijske vaje\vaja4\Power_supply.SchDoc with Capacitor from DAQ.SchLib
Replace Part C33 Capacitor - polarized in C:\Users\Urban\Documents\Faks\Konstruiranje elektronskih naprav\Laboratorijske vaje\vaja4\Power_supply.SchDoc with Capacitor - polarized from DAQ.SchLib
Replace Part C34 Capacitor in C:\Users\Urban\Documents\Faks\Konstruiranje elektronskih naprav\Laboratorijske vaje\vaja4\Power_supply.SchDoc with Capacitor from DAQ.SchLib
Replace Part C39 Capacitor - polarized in C:\Users\Urban\Documents\Faks\Konstruiranje elektronskih naprav\Laboratorijske vaje\vaja4\Power_supply.SchDoc with Capacitor - polarized from DAQ.SchLib
Replace Part C40 Capacitor in C:\Users\Urban\Documents\Faks\Konstruiranje elektronskih naprav\Laboratorijske vaje\vaja4\Power_supply.SchDoc with Capacitor from DAQ.SchLib
Replace Part C41 Capacitor in C:\Users\Urban\Documents\Faks\Konstruiranje elektronskih naprav\Laboratorijske vaje\vaja4\Power_supply.SchDoc with Capacitor from DAQ.SchLib
Replace Part D1 PMEG2020 in C:\Users\Urban\Documents\Faks\Konstruiranje elektronskih naprav\Laboratorijske vaje\vaja4\Power_supply.SchDoc with PMEG2020 from DAQ.SchLib
Replace Part D2 PMEG2020 in C:\Users\Urban\Documents\Faks\Konstruiranje elektronskih naprav\Laboratorijske vaje\vaja4\Power_supply.SchDoc with PMEG2020 from DAQ.SchLib
Replace Part FB5 BLM21AG121SN1D in C:\Users\Urban\Documents\Faks\Konstruiranje elektronskih naprav\Laboratorijske vaje\vaja4\Power_supply.SchDoc with BLM21AG121SN1D from DAQ.SchLib
Replace Part FB6 BLM21AG121SN1D in C:\Users\Urban\Documents\Faks\Konstruiranje elektronskih naprav\Laboratorijske vaje\vaja4\Power_supply.SchDoc with BLM21AG121SN1D from DAQ.SchLib
Replace Part FB7 BLM21AG121SN1D in C:\Users\Urban\Documents\Faks\Konstruiranje elektronskih naprav\Laboratorijske vaje\vaja4\Power_supply.SchDoc with BLM21AG121SN1D from DAQ.SchLib
Replace Part L1 LPD3015-153 in C:\Users\Urban\Documents\Faks\Konstruiranje elektronskih naprav\Laboratorijske vaje\vaja4\Power_supply.SchDoc with LPD3015-153 from DAQ.SchLib
Replace Part L1 LPD3015-153 in C:\Users\Urban\Documents\Faks\Konstruiranje elektronskih naprav\Laboratorijske vaje\vaja4\Power_supply.SchDoc with LPD3015-153 from DAQ.SchLib
Replace Part L2 LPD3015-153 in C:\Users\Urban\Documents\Faks\Konstruiranje elektronskih naprav\Laboratorijske vaje\vaja4\Power_supply.SchDoc with LPD3015-153 from DAQ.SchLib
Replace Part L2 LPD3015-153 in C:\Users\Urban\Documents\Faks\Konstruiranje elektronskih naprav\Laboratorijske vaje\vaja4\Power_supply.SchDoc with LPD3015-153 from DAQ.SchLib
Replace Part L3 TYS4012100M-10 in C:\Users\Urban\Documents\Faks\Konstruiranje elektronskih naprav\Laboratorijske vaje\vaja4\Power_supply.SchDoc with TYS4012100M-10 from DAQ.SchLib
Replace Part R23 Resistor in C:\Users\Urban\Documents\Faks\Konstruiranje elektronskih naprav\Laboratorijske vaje\vaja4\Power_supply.SchDoc with Resistor from DAQ.SchLib
Replace Part R25 Resistor in C:\Users\Urban\Documents\Faks\Konstruiranje elektronskih naprav\Laboratorijske vaje\vaja4\Power_supply.SchDoc with Resistor from DAQ.SchLib
Replace Part R27 Resistor in C:\Users\Urban\Documents\Faks\Konstruiranje elektronskih naprav\Laboratorijske vaje\vaja4\Power_supply.SchDoc with Resistor from DAQ.SchLib
Replace Part TP9 Test Point in C:\Users\Urban\Documents\Faks\Konstruiranje elektronskih naprav\Laboratorijske vaje\vaja4\Power_supply.SchDoc with Test Point from DAQ.SchLib
Replace Part TP11 Test Point in C:\Users\Urban\Documents\Faks\Konstruiranje elektronskih naprav\Laboratorijske vaje\vaja4\Power_supply.SchDoc with Test Point from DAQ.SchLib
Replace Part TP12 Test Point in C:\Users\Urban\Documents\Faks\Konstruiranje elektronskih naprav\Laboratorijske vaje\vaja4\Power_supply.SchDoc with Test Point from DAQ.SchLib
Replace Part TP13 Test Point in C:\Users\Urban\Documents\Faks\Konstruiranje elektronskih naprav\Laboratorijske vaje\vaja4\Power_supply.SchDoc with Test Point from DAQ.SchLib
Replace Part U8 78LXX in C:\Users\Urban\Documents\Faks\Konstruiranje elektronskih naprav\Laboratorijske vaje\vaja4\Power_supply.SchDoc with 78LXX from DAQ.SchLib
Replace Part U9 TPS709XX in C:\Users\Urban\Documents\Faks\Konstruiranje elektronskih naprav\Laboratorijske vaje\vaja4\Power_supply.SchDoc with TPS709XX from DAQ.SchLib
Replace Part U10 ADP161X in C:\Users\Urban\Documents\Faks\Konstruiranje elektronskih naprav\Laboratorijske vaje\vaja4\Power_supply.SchDoc with ADP161X from DAQ.SchLib
Replace Part U11 79LXX in C:\Users\Urban\Documents\Faks\Konstruiranje elektronskih naprav\Laboratorijske vaje\vaja4\Power_supply.SchDoc with 79LXX from DAQ.SchLib
Replace Part U13 TPS736XX in C:\Users\Urban\Documents\Faks\Konstruiranje elektronskih naprav\Laboratorijske vaje\vaja4\Power_supply.SchDoc with TPS736XX from DAQ.SchLib
